{"C:\\Users\\joshu\\OneDrive\\Documentos\\TEC\\semestre 5\\Bases de Datos 2\\Tarea 01 - REST API\\src\\controllers\\auth.controller.ts": {"path":"C:\\Users\\joshu\\OneDrive\\Documentos\\TEC\\semestre 5\\Bases de Datos 2\\Tarea 01 - REST API\\src\\controllers\\auth.controller.ts","statementMap":{"0":{"start":{"line":5,"column":0},"end":{"line":5,"column":7}},"1":{"start":{"line":19,"column":0},"end":{"line":19,"column":7}},"2":{"start":{"line":2,"column":0},"end":{"line":2,"column":67}},"3":{"start":{"line":3,"column":0},"end":{"line":3,"column":59}},"4":{"start":{"line":6,"column":2},"end":{"line":16,"column":3}},"5":{"start":{"line":7,"column":17},"end":{"line":7,"column":45}},"6":{"start":{"line":8,"column":4},"end":{"line":8,"column":64}},"7":{"start":{"line":11,"column":4},"end":{"line":14,"column":5}},"8":{"start":{"line":12,"column":6},"end":{"line":12,"column":65}},"9":{"start":{"line":13,"column":6},"end":{"line":13,"column":13}},"10":{"start":{"line":15,"column":4},"end":{"line":15,"column":64}},"11":{"start":{"line":20,"column":2},"end":{"line":30,"column":3}},"12":{"start":{"line":21,"column":19},"end":{"line":21,"column":44}},"13":{"start":{"line":22,"column":4},"end":{"line":22,"column":49}},"14":{"start":{"line":25,"column":4},"end":{"line":28,"column":5}},"15":{"start":{"line":26,"column":6},"end":{"line":26,"column":55}},"16":{"start":{"line":27,"column":6},"end":{"line":27,"column":13}},"17":{"start":{"line":29,"column":4},"end":{"line":29,"column":57}}},"fnMap":{"0":{"name":"register","decl":{"start":{"line":5,"column":22},"end":{"line":5,"column":30}},"loc":{"start":{"line":5,"column":58},"end":{"line":17,"column":1}}},"1":{"name":"login","decl":{"start":{"line":19,"column":22},"end":{"line":19,"column":27}},"loc":{"start":{"line":19,"column":55},"end":{"line":31,"column":1}}}},"branchMap":{"0":{"loc":{"start":{"line":11,"column":4},"end":{"line":14,"column":5}},"type":"if","locations":[{"start":{"line":11,"column":4},"end":{"line":14,"column":5}},{"start":{},"end":{}}]},"1":{"loc":{"start":{"line":15,"column":19},"end":{"line":15,"column":57}},"type":"binary-expr","locations":[{"start":{"line":15,"column":19},"end":{"line":15,"column":32}},{"start":{"line":15,"column":36},"end":{"line":15,"column":57}}]},"2":{"loc":{"start":{"line":25,"column":4},"end":{"line":28,"column":5}},"type":"if","locations":[{"start":{"line":25,"column":4},"end":{"line":28,"column":5}},{"start":{},"end":{}}]},"3":{"loc":{"start":{"line":29,"column":19},"end":{"line":29,"column":50}},"type":"binary-expr","locations":[{"start":{"line":29,"column":19},"end":{"line":29,"column":32}},{"start":{"line":29,"column":36},"end":{"line":29,"column":50}}]}},"s":{"0":1,"1":1,"2":1,"3":1,"4":4,"5":4,"6":1,"7":3,"8":1,"9":1,"10":2,"11":4,"12":4,"13":1,"14":3,"15":1,"16":1,"17":2},"f":{"0":4,"1":4},"b":{"0":[1,2],"1":[2,1],"2":[1,2],"3":[2,1]}}
,"C:\\Users\\joshu\\OneDrive\\Documentos\\TEC\\semestre 5\\Bases de Datos 2\\Tarea 01 - REST API\\src\\controllers\\menu.controller.ts": {"path":"C:\\Users\\joshu\\OneDrive\\Documentos\\TEC\\semestre 5\\Bases de Datos 2\\Tarea 01 - REST API\\src\\controllers\\menu.controller.ts","statementMap":{"0":{"start":{"line":18,"column":0},"end":{"line":18,"column":7}},"1":{"start":{"line":27,"column":0},"end":{"line":27,"column":7}},"2":{"start":{"line":40,"column":0},"end":{"line":40,"column":7}},"3":{"start":{"line":49,"column":0},"end":{"line":49,"column":7}},"4":{"start":{"line":62,"column":0},"end":{"line":62,"column":7}},"5":{"start":{"line":73,"column":0},"end":{"line":73,"column":7}},"6":{"start":{"line":82,"column":0},"end":{"line":82,"column":7}},"7":{"start":{"line":91,"column":0},"end":{"line":91,"column":7}},"8":{"start":{"line":104,"column":0},"end":{"line":104,"column":7}},"9":{"start":{"line":3,"column":0},"end":{"line":3,"column":null}},"10":{"start":{"line":14,"column":0},"end":{"line":14,"column":59}},"11":{"start":{"line":19,"column":2},"end":{"line":24,"column":3}},"12":{"start":{"line":20,"column":17},"end":{"line":20,"column":50}},"13":{"start":{"line":21,"column":4},"end":{"line":21,"column":60}},"14":{"start":{"line":23,"column":4},"end":{"line":23,"column":39}},"15":{"start":{"line":28,"column":2},"end":{"line":37,"column":3}},"16":{"start":{"line":29,"column":17},"end":{"line":29,"column":56}},"17":{"start":{"line":30,"column":4},"end":{"line":33,"column":5}},"18":{"start":{"line":31,"column":6},"end":{"line":31,"column":48}},"19":{"start":{"line":32,"column":6},"end":{"line":32,"column":13}},"20":{"start":{"line":34,"column":4},"end":{"line":34,"column":46}},"21":{"start":{"line":36,"column":4},"end":{"line":36,"column":39}},"22":{"start":{"line":41,"column":2},"end":{"line":46,"column":3}},"23":{"start":{"line":42,"column":18},"end":{"line":42,"column":76}},"24":{"start":{"line":43,"column":4},"end":{"line":43,"column":49}},"25":{"start":{"line":45,"column":4},"end":{"line":45,"column":39}},"26":{"start":{"line":50,"column":2},"end":{"line":59,"column":3}},"27":{"start":{"line":51,"column":17},"end":{"line":51,"column":65}},"28":{"start":{"line":52,"column":4},"end":{"line":55,"column":5}},"29":{"start":{"line":53,"column":6},"end":{"line":53,"column":48}},"30":{"start":{"line":54,"column":6},"end":{"line":54,"column":13}},"31":{"start":{"line":56,"column":4},"end":{"line":56,"column":48}},"32":{"start":{"line":58,"column":4},"end":{"line":58,"column":39}},"33":{"start":{"line":63,"column":2},"end":{"line":68,"column":3}},"34":{"start":{"line":64,"column":4},"end":{"line":64,"column":43}},"35":{"start":{"line":65,"column":4},"end":{"line":65,"column":58}},"36":{"start":{"line":67,"column":4},"end":{"line":67,"column":39}},"37":{"start":{"line":74,"column":2},"end":{"line":79,"column":3}},"38":{"start":{"line":75,"column":17},"end":{"line":75,"column":73}},"39":{"start":{"line":76,"column":4},"end":{"line":76,"column":69}},"40":{"start":{"line":78,"column":4},"end":{"line":78,"column":39}},"41":{"start":{"line":83,"column":2},"end":{"line":88,"column":3}},"42":{"start":{"line":84,"column":18},"end":{"line":84,"column":62}},"43":{"start":{"line":85,"column":4},"end":{"line":85,"column":56}},"44":{"start":{"line":87,"column":4},"end":{"line":87,"column":39}},"45":{"start":{"line":92,"column":2},"end":{"line":101,"column":3}},"46":{"start":{"line":93,"column":17},"end":{"line":93,"column":73}},"47":{"start":{"line":94,"column":4},"end":{"line":97,"column":5}},"48":{"start":{"line":95,"column":6},"end":{"line":95,"column":57}},"49":{"start":{"line":96,"column":6},"end":{"line":96,"column":13}},"50":{"start":{"line":98,"column":4},"end":{"line":98,"column":69}},"51":{"start":{"line":100,"column":4},"end":{"line":100,"column":39}},"52":{"start":{"line":105,"column":2},"end":{"line":110,"column":3}},"53":{"start":{"line":106,"column":4},"end":{"line":106,"column":51}},"54":{"start":{"line":107,"column":4},"end":{"line":107,"column":67}},"55":{"start":{"line":109,"column":4},"end":{"line":109,"column":39}}},"fnMap":{"0":{"name":"createMenu","decl":{"start":{"line":18,"column":22},"end":{"line":18,"column":32}},"loc":{"start":{"line":18,"column":73},"end":{"line":25,"column":1}}},"1":{"name":"getMenuById","decl":{"start":{"line":27,"column":22},"end":{"line":27,"column":33}},"loc":{"start":{"line":27,"column":74},"end":{"line":38,"column":1}}},"2":{"name":"getMenusByRestaurant","decl":{"start":{"line":40,"column":22},"end":{"line":40,"column":42}},"loc":{"start":{"line":40,"column":83},"end":{"line":47,"column":1}}},"3":{"name":"updateMenu","decl":{"start":{"line":49,"column":22},"end":{"line":49,"column":32}},"loc":{"start":{"line":49,"column":73},"end":{"line":60,"column":1}}},"4":{"name":"deleteMenu","decl":{"start":{"line":62,"column":22},"end":{"line":62,"column":32}},"loc":{"start":{"line":62,"column":73},"end":{"line":69,"column":1}}},"5":{"name":"createMenuItem","decl":{"start":{"line":73,"column":22},"end":{"line":73,"column":36}},"loc":{"start":{"line":73,"column":77},"end":{"line":80,"column":1}}},"6":{"name":"getMenuItems","decl":{"start":{"line":82,"column":22},"end":{"line":82,"column":34}},"loc":{"start":{"line":82,"column":75},"end":{"line":89,"column":1}}},"7":{"name":"updateMenuItem","decl":{"start":{"line":91,"column":22},"end":{"line":91,"column":36}},"loc":{"start":{"line":91,"column":77},"end":{"line":102,"column":1}}},"8":{"name":"deleteMenuItem","decl":{"start":{"line":104,"column":22},"end":{"line":104,"column":36}},"loc":{"start":{"line":104,"column":77},"end":{"line":111,"column":1}}}},"branchMap":{"0":{"loc":{"start":{"line":30,"column":4},"end":{"line":33,"column":5}},"type":"if","locations":[{"start":{"line":30,"column":4},"end":{"line":33,"column":5}},{"start":{},"end":{}}]},"1":{"loc":{"start":{"line":52,"column":4},"end":{"line":55,"column":5}},"type":"if","locations":[{"start":{"line":52,"column":4},"end":{"line":55,"column":5}},{"start":{},"end":{}}]},"2":{"loc":{"start":{"line":94,"column":4},"end":{"line":97,"column":5}},"type":"if","locations":[{"start":{"line":94,"column":4},"end":{"line":97,"column":5}},{"start":{},"end":{}}]}},"s":{"0":1,"1":1,"2":1,"3":1,"4":1,"5":1,"6":1,"7":1,"8":1,"9":1,"10":1,"11":2,"12":2,"13":1,"14":1,"15":3,"16":3,"17":2,"18":1,"19":1,"20":1,"21":1,"22":2,"23":2,"24":1,"25":1,"26":3,"27":3,"28":2,"29":1,"30":1,"31":1,"32":1,"33":2,"34":2,"35":1,"36":1,"37":2,"38":2,"39":1,"40":1,"41":2,"42":2,"43":1,"44":1,"45":3,"46":3,"47":2,"48":1,"49":1,"50":1,"51":1,"52":2,"53":2,"54":1,"55":1},"f":{"0":2,"1":3,"2":2,"3":3,"4":2,"5":2,"6":2,"7":3,"8":2},"b":{"0":[1,1],"1":[1,1],"2":[1,1]}}
,"C:\\Users\\joshu\\OneDrive\\Documentos\\TEC\\semestre 5\\Bases de Datos 2\\Tarea 01 - REST API\\src\\controllers\\order.controller.ts": {"path":"C:\\Users\\joshu\\OneDrive\\Documentos\\TEC\\semestre 5\\Bases de Datos 2\\Tarea 01 - REST API\\src\\controllers\\order.controller.ts","statementMap":{"0":{"start":{"line":12,"column":0},"end":{"line":12,"column":7}},"1":{"start":{"line":27,"column":0},"end":{"line":27,"column":7}},"2":{"start":{"line":43,"column":0},"end":{"line":43,"column":7}},"3":{"start":{"line":55,"column":0},"end":{"line":55,"column":7}},"4":{"start":{"line":75,"column":0},"end":{"line":75,"column":7}},"5":{"start":{"line":3,"column":0},"end":{"line":3,"column":null}},"6":{"start":{"line":10,"column":0},"end":{"line":10,"column":59}},"7":{"start":{"line":16,"column":2},"end":{"line":24,"column":3}},"8":{"start":{"line":17,"column":18},"end":{"line":20,"column":6}},"9":{"start":{"line":21,"column":4},"end":{"line":21,"column":62}},"10":{"start":{"line":23,"column":4},"end":{"line":23,"column":39}},"11":{"start":{"line":31,"column":2},"end":{"line":40,"column":3}},"12":{"start":{"line":32,"column":18},"end":{"line":32,"column":58}},"13":{"start":{"line":33,"column":4},"end":{"line":36,"column":5}},"14":{"start":{"line":34,"column":6},"end":{"line":34,"column":49}},"15":{"start":{"line":35,"column":6},"end":{"line":35,"column":13}},"16":{"start":{"line":37,"column":4},"end":{"line":37,"column":59}},"17":{"start":{"line":39,"column":4},"end":{"line":39,"column":39}},"18":{"start":{"line":47,"column":2},"end":{"line":52,"column":3}},"19":{"start":{"line":48,"column":19},"end":{"line":48,"column":64}},"20":{"start":{"line":49,"column":4},"end":{"line":49,"column":63}},"21":{"start":{"line":51,"column":4},"end":{"line":51,"column":39}},"22":{"start":{"line":59,"column":2},"end":{"line":72,"column":3}},"23":{"start":{"line":60,"column":19},"end":{"line":60,"column":71}},"24":{"start":{"line":61,"column":4},"end":{"line":61,"column":79}},"25":{"start":{"line":63,"column":4},"end":{"line":66,"column":5}},"26":{"start":{"line":64,"column":6},"end":{"line":64,"column":41}},"27":{"start":{"line":65,"column":6},"end":{"line":65,"column":13}},"28":{"start":{"line":67,"column":4},"end":{"line":70,"column":5}},"29":{"start":{"line":68,"column":6},"end":{"line":68,"column":41}},"30":{"start":{"line":69,"column":6},"end":{"line":69,"column":13}},"31":{"start":{"line":71,"column":4},"end":{"line":71,"column":39}},"32":{"start":{"line":79,"column":2},"end":{"line":91,"column":3}},"33":{"start":{"line":80,"column":18},"end":{"line":82,"column":null}},"34":{"start":{"line":84,"column":4},"end":{"line":87,"column":5}},"35":{"start":{"line":85,"column":6},"end":{"line":85,"column":49}},"36":{"start":{"line":86,"column":6},"end":{"line":86,"column":13}},"37":{"start":{"line":88,"column":4},"end":{"line":88,"column":75}},"38":{"start":{"line":90,"column":4},"end":{"line":90,"column":39}}},"fnMap":{"0":{"name":"createOrder","decl":{"start":{"line":12,"column":22},"end":{"line":12,"column":33}},"loc":{"start":{"line":14,"column":15},"end":{"line":25,"column":1}}},"1":{"name":"getOrderById","decl":{"start":{"line":27,"column":22},"end":{"line":27,"column":34}},"loc":{"start":{"line":29,"column":15},"end":{"line":41,"column":1}}},"2":{"name":"getMyOrders","decl":{"start":{"line":43,"column":22},"end":{"line":43,"column":33}},"loc":{"start":{"line":45,"column":15},"end":{"line":53,"column":1}}},"3":{"name":"addItemToOrder","decl":{"start":{"line":55,"column":22},"end":{"line":55,"column":36}},"loc":{"start":{"line":57,"column":15},"end":{"line":73,"column":1}}},"4":{"name":"updateOrderStatus","decl":{"start":{"line":75,"column":22},"end":{"line":75,"column":39}},"loc":{"start":{"line":77,"column":15},"end":{"line":92,"column":1}}}},"branchMap":{"0":{"loc":{"start":{"line":33,"column":4},"end":{"line":36,"column":5}},"type":"if","locations":[{"start":{"line":33,"column":4},"end":{"line":36,"column":5}},{"start":{},"end":{}}]},"1":{"loc":{"start":{"line":63,"column":4},"end":{"line":66,"column":5}},"type":"if","locations":[{"start":{"line":63,"column":4},"end":{"line":66,"column":5}},{"start":{},"end":{}}]},"2":{"loc":{"start":{"line":67,"column":4},"end":{"line":70,"column":5}},"type":"if","locations":[{"start":{"line":67,"column":4},"end":{"line":70,"column":5}},{"start":{},"end":{}}]},"3":{"loc":{"start":{"line":84,"column":4},"end":{"line":87,"column":5}},"type":"if","locations":[{"start":{"line":84,"column":4},"end":{"line":87,"column":5}},{"start":{},"end":{}}]}},"s":{"0":1,"1":1,"2":1,"3":1,"4":1,"5":1,"6":1,"7":2,"8":2,"9":1,"10":1,"11":3,"12":3,"13":2,"14":1,"15":1,"16":1,"17":1,"18":2,"19":2,"20":1,"21":1,"22":4,"23":4,"24":1,"25":3,"26":1,"27":1,"28":2,"29":1,"30":1,"31":1,"32":3,"33":3,"34":2,"35":1,"36":1,"37":1,"38":1},"f":{"0":2,"1":3,"2":2,"3":4,"4":3},"b":{"0":[1,1],"1":[1,2],"2":[1,1],"3":[1,1]}}
,"C:\\Users\\joshu\\OneDrive\\Documentos\\TEC\\semestre 5\\Bases de Datos 2\\Tarea 01 - REST API\\src\\controllers\\reservation.controller.ts": {"path":"C:\\Users\\joshu\\OneDrive\\Documentos\\TEC\\semestre 5\\Bases de Datos 2\\Tarea 01 - REST API\\src\\controllers\\reservation.controller.ts","statementMap":{"0":{"start":{"line":13,"column":0},"end":{"line":13,"column":7}},"1":{"start":{"line":38,"column":0},"end":{"line":38,"column":7}},"2":{"start":{"line":57,"column":0},"end":{"line":57,"column":7}},"3":{"start":{"line":73,"column":0},"end":{"line":73,"column":7}},"4":{"start":{"line":85,"column":0},"end":{"line":85,"column":7}},"5":{"start":{"line":99,"column":0},"end":{"line":99,"column":7}},"6":{"start":{"line":3,"column":0},"end":{"line":3,"column":null}},"7":{"start":{"line":11,"column":0},"end":{"line":11,"column":59}},"8":{"start":{"line":17,"column":2},"end":{"line":35,"column":3}},"9":{"start":{"line":18,"column":54},"end":{"line":18,"column":63}},"10":{"start":{"line":19,"column":4},"end":{"line":26,"column":5}},"11":{"start":{"line":20,"column":6},"end":{"line":24,"column":8}},"12":{"start":{"line":25,"column":6},"end":{"line":25,"column":13}},"13":{"start":{"line":27,"column":19},"end":{"line":30,"column":null}},"14":{"start":{"line":32,"column":4},"end":{"line":32,"column":73}},"15":{"start":{"line":34,"column":4},"end":{"line":34,"column":39}},"16":{"start":{"line":42,"column":2},"end":{"line":54,"column":3}},"17":{"start":{"line":43,"column":24},"end":{"line":46,"column":6}},"18":{"start":{"line":47,"column":4},"end":{"line":47,"column":70}},"19":{"start":{"line":49,"column":4},"end":{"line":52,"column":5}},"20":{"start":{"line":50,"column":6},"end":{"line":50,"column":41}},"21":{"start":{"line":51,"column":6},"end":{"line":51,"column":13}},"22":{"start":{"line":53,"column":4},"end":{"line":53,"column":39}},"23":{"start":{"line":61,"column":2},"end":{"line":70,"column":3}},"24":{"start":{"line":62,"column":24},"end":{"line":62,"column":70}},"25":{"start":{"line":63,"column":4},"end":{"line":66,"column":5}},"26":{"start":{"line":64,"column":6},"end":{"line":64,"column":51}},"27":{"start":{"line":65,"column":6},"end":{"line":65,"column":13}},"28":{"start":{"line":67,"column":4},"end":{"line":67,"column":67}},"29":{"start":{"line":69,"column":4},"end":{"line":69,"column":39}},"30":{"start":{"line":77,"column":2},"end":{"line":82,"column":3}},"31":{"start":{"line":78,"column":25},"end":{"line":78,"column":76}},"32":{"start":{"line":79,"column":4},"end":{"line":79,"column":70}},"33":{"start":{"line":81,"column":4},"end":{"line":81,"column":39}},"34":{"start":{"line":89,"column":2},"end":{"line":96,"column":3}},"35":{"start":{"line":90,"column":25},"end":{"line":91,"column":null}},"36":{"start":{"line":93,"column":4},"end":{"line":93,"column":70}},"37":{"start":{"line":95,"column":4},"end":{"line":95,"column":39}},"38":{"start":{"line":103,"column":2},"end":{"line":115,"column":3}},"39":{"start":{"line":104,"column":24},"end":{"line":106,"column":null}},"40":{"start":{"line":108,"column":4},"end":{"line":111,"column":5}},"41":{"start":{"line":109,"column":6},"end":{"line":109,"column":74}},"42":{"start":{"line":110,"column":6},"end":{"line":110,"column":13}},"43":{"start":{"line":112,"column":4},"end":{"line":112,"column":68}},"44":{"start":{"line":114,"column":4},"end":{"line":114,"column":39}}},"fnMap":{"0":{"name":"getAvailableTables","decl":{"start":{"line":13,"column":22},"end":{"line":13,"column":40}},"loc":{"start":{"line":15,"column":15},"end":{"line":36,"column":1}}},"1":{"name":"createReservation","decl":{"start":{"line":38,"column":22},"end":{"line":38,"column":39}},"loc":{"start":{"line":40,"column":15},"end":{"line":55,"column":1}}},"2":{"name":"getReservationById","decl":{"start":{"line":57,"column":22},"end":{"line":57,"column":40}},"loc":{"start":{"line":59,"column":15},"end":{"line":71,"column":1}}},"3":{"name":"getMyReservations","decl":{"start":{"line":73,"column":22},"end":{"line":73,"column":39}},"loc":{"start":{"line":75,"column":15},"end":{"line":83,"column":1}}},"4":{"name":"getReservationsByRestaurant","decl":{"start":{"line":85,"column":22},"end":{"line":85,"column":49}},"loc":{"start":{"line":87,"column":15},"end":{"line":97,"column":1}}},"5":{"name":"cancelReservation","decl":{"start":{"line":99,"column":22},"end":{"line":99,"column":39}},"loc":{"start":{"line":101,"column":15},"end":{"line":116,"column":1}}}},"branchMap":{"0":{"loc":{"start":{"line":19,"column":4},"end":{"line":26,"column":5}},"type":"if","locations":[{"start":{"line":19,"column":4},"end":{"line":26,"column":5}},{"start":{},"end":{}}]},"1":{"loc":{"start":{"line":19,"column":8},"end":{"line":19,"column":39}},"type":"binary-expr","locations":[{"start":{"line":19,"column":8},"end":{"line":19,"column":21}},{"start":{"line":19,"column":25},"end":{"line":19,"column":39}}]},"2":{"loc":{"start":{"line":30,"column":6},"end":{"line":30,"column":54}},"type":"cond-expr","locations":[{"start":{"line":30,"column":17},"end":{"line":30,"column":49}},{"start":{"line":30,"column":52},"end":{"line":30,"column":54}}]},"3":{"loc":{"start":{"line":49,"column":4},"end":{"line":52,"column":5}},"type":"if","locations":[{"start":{"line":49,"column":4},"end":{"line":52,"column":5}},{"start":{},"end":{}}]},"4":{"loc":{"start":{"line":63,"column":4},"end":{"line":66,"column":5}},"type":"if","locations":[{"start":{"line":63,"column":4},"end":{"line":66,"column":5}},{"start":{},"end":{}}]},"5":{"loc":{"start":{"line":108,"column":4},"end":{"line":111,"column":5}},"type":"if","locations":[{"start":{"line":108,"column":4},"end":{"line":111,"column":5}},{"start":{},"end":{}}]}},"s":{"0":1,"1":1,"2":1,"3":1,"4":1,"5":1,"6":1,"7":1,"8":5,"9":5,"10":5,"11":2,"12":2,"13":3,"14":2,"15":1,"16":3,"17":3,"18":1,"19":2,"20":1,"21":1,"22":1,"23":3,"24":3,"25":2,"26":1,"27":1,"28":1,"29":1,"30":2,"31":2,"32":1,"33":1,"34":2,"35":2,"36":1,"37":1,"38":3,"39":3,"40":2,"41":1,"42":1,"43":1,"44":1},"f":{"0":5,"1":3,"2":3,"3":2,"4":2,"5":3},"b":{"0":[2,3],"1":[5,4],"2":[1,2],"3":[1,1],"4":[1,1],"5":[1,1]}}
,"C:\\Users\\joshu\\OneDrive\\Documentos\\TEC\\semestre 5\\Bases de Datos 2\\Tarea 01 - REST API\\src\\controllers\\restaurant.controller.ts": {"path":"C:\\Users\\joshu\\OneDrive\\Documentos\\TEC\\semestre 5\\Bases de Datos 2\\Tarea 01 - REST API\\src\\controllers\\restaurant.controller.ts","statementMap":{"0":{"start":{"line":6,"column":0},"end":{"line":6,"column":7}},"1":{"start":{"line":15,"column":0},"end":{"line":15,"column":7}},"2":{"start":{"line":3,"column":0},"end":{"line":3,"column":83}},"3":{"start":{"line":4,"column":0},"end":{"line":4,"column":59}},"4":{"start":{"line":7,"column":2},"end":{"line":12,"column":3}},"5":{"start":{"line":8,"column":23},"end":{"line":8,"column":70}},"6":{"start":{"line":9,"column":4},"end":{"line":9,"column":73}},"7":{"start":{"line":11,"column":4},"end":{"line":11,"column":39}},"8":{"start":{"line":16,"column":2},"end":{"line":21,"column":3}},"9":{"start":{"line":17,"column":24},"end":{"line":17,"column":47}},"10":{"start":{"line":18,"column":4},"end":{"line":18,"column":59}},"11":{"start":{"line":20,"column":4},"end":{"line":20,"column":39}}},"fnMap":{"0":{"name":"create","decl":{"start":{"line":6,"column":22},"end":{"line":6,"column":28}},"loc":{"start":{"line":6,"column":69},"end":{"line":13,"column":1}}},"1":{"name":"list","decl":{"start":{"line":15,"column":22},"end":{"line":15,"column":26}},"loc":{"start":{"line":15,"column":55},"end":{"line":22,"column":1}}}},"branchMap":{},"s":{"0":1,"1":1,"2":1,"3":1,"4":2,"5":2,"6":1,"7":1,"8":3,"9":3,"10":2,"11":1},"f":{"0":2,"1":3},"b":{}}
,"C:\\Users\\joshu\\OneDrive\\Documentos\\TEC\\semestre 5\\Bases de Datos 2\\Tarea 01 - REST API\\src\\controllers\\user.controller.ts": {"path":"C:\\Users\\joshu\\OneDrive\\Documentos\\TEC\\semestre 5\\Bases de Datos 2\\Tarea 01 - REST API\\src\\controllers\\user.controller.ts","statementMap":{"0":{"start":{"line":6,"column":0},"end":{"line":6,"column":7}},"1":{"start":{"line":15,"column":0},"end":{"line":15,"column":7}},"2":{"start":{"line":25,"column":0},"end":{"line":25,"column":7}},"3":{"start":{"line":3,"column":0},"end":{"line":3,"column":91}},"4":{"start":{"line":4,"column":0},"end":{"line":4,"column":59}},"5":{"start":{"line":7,"column":2},"end":{"line":12,"column":3}},"6":{"start":{"line":8,"column":17},"end":{"line":8,"column":57}},"7":{"start":{"line":9,"column":4},"end":{"line":9,"column":53}},"8":{"start":{"line":11,"column":4},"end":{"line":11,"column":39}},"9":{"start":{"line":16,"column":2},"end":{"line":22,"column":3}},"10":{"start":{"line":17,"column":17},"end":{"line":17,"column":73}},"11":{"start":{"line":18,"column":4},"end":{"line":18,"column":56}},"12":{"start":{"line":20,"column":23},"end":{"line":20,"column":70}},"13":{"start":{"line":21,"column":4},"end":{"line":21,"column":46}},"14":{"start":{"line":26,"column":2},"end":{"line":32,"column":3}},"15":{"start":{"line":27,"column":4},"end":{"line":27,"column":55}},"16":{"start":{"line":28,"column":4},"end":{"line":28,"column":56}},"17":{"start":{"line":30,"column":23},"end":{"line":30,"column":70}},"18":{"start":{"line":31,"column":4},"end":{"line":31,"column":46}}},"fnMap":{"0":{"name":"getMe","decl":{"start":{"line":6,"column":22},"end":{"line":6,"column":27}},"loc":{"start":{"line":6,"column":68},"end":{"line":13,"column":1}}},"1":{"name":"update","decl":{"start":{"line":15,"column":22},"end":{"line":15,"column":28}},"loc":{"start":{"line":15,"column":69},"end":{"line":23,"column":1}}},"2":{"name":"remove","decl":{"start":{"line":25,"column":22},"end":{"line":25,"column":28}},"loc":{"start":{"line":25,"column":69},"end":{"line":33,"column":1}}}},"branchMap":{"0":{"loc":{"start":{"line":20,"column":23},"end":{"line":20,"column":70}},"type":"cond-expr","locations":[{"start":{"line":20,"column":61},"end":{"line":20,"column":64}},{"start":{"line":20,"column":67},"end":{"line":20,"column":70}}]},"1":{"loc":{"start":{"line":30,"column":23},"end":{"line":30,"column":70}},"type":"cond-expr","locations":[{"start":{"line":30,"column":61},"end":{"line":30,"column":64}},{"start":{"line":30,"column":67},"end":{"line":30,"column":70}}]}},"s":{"0":1,"1":1,"2":1,"3":1,"4":1,"5":2,"6":2,"7":1,"8":1,"9":3,"10":3,"11":1,"12":2,"13":2,"14":3,"15":3,"16":1,"17":2,"18":2},"f":{"0":2,"1":3,"2":3},"b":{"0":[1,1],"1":[1,1]}}
,"C:\\Users\\joshu\\OneDrive\\Documentos\\TEC\\semestre 5\\Bases de Datos 2\\Tarea 01 - REST API\\src\\dao\\DaoFactory.ts": {"path":"C:\\Users\\joshu\\OneDrive\\Documentos\\TEC\\semestre 5\\Bases de Datos 2\\Tarea 01 - REST API\\src\\dao\\DaoFactory.ts","statementMap":{"0":{"start":{"line":1,"column":0},"end":{"line":1,"column":36}},"1":{"start":{"line":8,"column":0},"end":{"line":8,"column":61}},"2":{"start":{"line":9,"column":0},"end":{"line":9,"column":69}},"3":{"start":{"line":10,"column":0},"end":{"line":10,"column":63}},"4":{"start":{"line":11,"column":0},"end":{"line":11,"column":75}},"5":{"start":{"line":12,"column":0},"end":{"line":12,"column":73}},"6":{"start":{"line":13,"column":0},"end":{"line":13,"column":61}},"7":{"start":{"line":30,"column":55},"end":{"line":43,"column":2}},"8":{"start":{"line":31,"column":19},"end":{"line":38,"column":4}},"9":{"start":{"line":41,"column":4},"end":{"line":41,"column":59}},"10":{"start":{"line":47,"column":13},"end":{"line":47,"column":58}}},"fnMap":{"0":{"name":"(anonymous_0)","decl":{"start":{"line":31,"column":12},"end":{"line":31,"column":15}},"loc":{"start":{"line":31,"column":19},"end":{"line":38,"column":4}}},"1":{"name":"(anonymous_1)","decl":{"start":{"line":39,"column":9},"end":{"line":39,"column":12}},"loc":{"start":{"line":39,"column":14},"end":{"line":42,"column":3}}}},"branchMap":{},"s":{"0":12,"1":12,"2":12,"3":12,"4":12,"5":12,"6":12,"7":12,"8":12,"9":0,"10":12},"f":{"0":12,"1":0},"b":{}}
,"C:\\Users\\joshu\\OneDrive\\Documentos\\TEC\\semestre 5\\Bases de Datos 2\\Tarea 01 - REST API\\src\\dao\\postgres\\PostgresMenuDao.ts": {"path":"C:\\Users\\joshu\\OneDrive\\Documentos\\TEC\\semestre 5\\Bases de Datos 2\\Tarea 01 - REST API\\src\\dao\\postgres\\PostgresMenuDao.ts","statementMap":{"0":{"start":{"line":1,"column":0},"end":{"line":1,"column":41}},"1":{"start":{"line":9,"column":2},"end":{"line":17,"column":4}},"2":{"start":{"line":22,"column":19},"end":{"line":24,"column":null}},"3":{"start":{"line":26,"column":4},"end":{"line":26,"column":35}},"4":{"start":{"line":30,"column":19},"end":{"line":30,"column":80}},"5":{"start":{"line":31,"column":4},"end":{"line":31,"column":46}},"6":{"start":{"line":31,"column":34},"end":{"line":31,"column":46}},"7":{"start":{"line":32,"column":4},"end":{"line":32,"column":35}},"8":{"start":{"line":36,"column":19},"end":{"line":38,"column":null}},"9":{"start":{"line":40,"column":4},"end":{"line":40,"column":36}},"10":{"start":{"line":44,"column":19},"end":{"line":46,"column":null}},"11":{"start":{"line":48,"column":4},"end":{"line":48,"column":46}},"12":{"start":{"line":48,"column":34},"end":{"line":48,"column":46}},"13":{"start":{"line":49,"column":4},"end":{"line":49,"column":35}},"14":{"start":{"line":53,"column":4},"end":{"line":53,"column":56}},"15":{"start":{"line":20,"column":0},"end":{"line":20,"column":13}}},"fnMap":{"0":{"name":"mapMenu","decl":{"start":{"line":8,"column":9},"end":{"line":8,"column":16}},"loc":{"start":{"line":8,"column":25},"end":{"line":18,"column":1}}},"1":{"name":"(anonymous_2)","decl":{"start":{"line":21,"column":2},"end":{"line":21,"column":7}},"loc":{"start":{"line":21,"column":37},"end":{"line":27,"column":3}}},"2":{"name":"(anonymous_3)","decl":{"start":{"line":29,"column":2},"end":{"line":29,"column":7}},"loc":{"start":{"line":29,"column":26},"end":{"line":33,"column":3}}},"3":{"name":"(anonymous_4)","decl":{"start":{"line":35,"column":2},"end":{"line":35,"column":7}},"loc":{"start":{"line":35,"column":44},"end":{"line":41,"column":3}}},"4":{"name":"(anonymous_5)","decl":{"start":{"line":43,"column":2},"end":{"line":43,"column":7}},"loc":{"start":{"line":43,"column":49},"end":{"line":50,"column":3}}},"5":{"name":"(anonymous_6)","decl":{"start":{"line":52,"column":2},"end":{"line":52,"column":7}},"loc":{"start":{"line":52,"column":29},"end":{"line":54,"column":3}}}},"branchMap":{"0":{"loc":{"start":{"line":24,"column":58},"end":{"line":24,"column":78}},"type":"binary-expr","locations":[{"start":{"line":24,"column":58},"end":{"line":24,"column":70}},{"start":{"line":24,"column":74},"end":{"line":24,"column":78}}]},"1":{"loc":{"start":{"line":31,"column":4},"end":{"line":31,"column":46}},"type":"if","locations":[{"start":{"line":31,"column":4},"end":{"line":31,"column":46}},{"start":{},"end":{}}]},"2":{"loc":{"start":{"line":46,"column":11},"end":{"line":46,"column":31}},"type":"binary-expr","locations":[{"start":{"line":46,"column":11},"end":{"line":46,"column":23}},{"start":{"line":46,"column":27},"end":{"line":46,"column":31}}]},"3":{"loc":{"start":{"line":46,"column":33},"end":{"line":46,"column":55}},"type":"binary-expr","locations":[{"start":{"line":46,"column":33},"end":{"line":46,"column":47}},{"start":{"line":46,"column":51},"end":{"line":46,"column":55}}]},"4":{"loc":{"start":{"line":46,"column":57},"end":{"line":46,"column":77}},"type":"binary-expr","locations":[{"start":{"line":46,"column":57},"end":{"line":46,"column":69}},{"start":{"line":46,"column":73},"end":{"line":46,"column":77}}]},"5":{"loc":{"start":{"line":48,"column":4},"end":{"line":48,"column":46}},"type":"if","locations":[{"start":{"line":48,"column":4},"end":{"line":48,"column":46}},{"start":{},"end":{}}]}},"s":{"0":12,"1":6,"2":2,"3":2,"4":2,"5":2,"6":1,"7":1,"8":2,"9":2,"10":2,"11":2,"12":1,"13":1,"14":1,"15":12},"f":{"0":6,"1":2,"2":2,"3":2,"4":2,"5":1},"b":{"0":[2,0],"1":[1,1],"2":[2,1],"3":[2,2],"4":[2,2],"5":[1,1]}}
,"C:\\Users\\joshu\\OneDrive\\Documentos\\TEC\\semestre 5\\Bases de Datos 2\\Tarea 01 - REST API\\src\\dao\\postgres\\PostgresMenuItemDao.ts": {"path":"C:\\Users\\joshu\\OneDrive\\Documentos\\TEC\\semestre 5\\Bases de Datos 2\\Tarea 01 - REST API\\src\\dao\\postgres\\PostgresMenuItemDao.ts","statementMap":{"0":{"start":{"line":1,"column":0},"end":{"line":1,"column":41}},"1":{"start":{"line":12,"column":2},"end":{"line":24,"column":4}},"2":{"start":{"line":29,"column":19},"end":{"line":39,"column":null}},"3":{"start":{"line":41,"column":4},"end":{"line":41,"column":39}},"4":{"start":{"line":45,"column":19},"end":{"line":45,"column":84}},"5":{"start":{"line":46,"column":4},"end":{"line":46,"column":40}},"6":{"start":{"line":53,"column":19},"end":{"line":63,"column":null}},"7":{"start":{"line":65,"column":4},"end":{"line":65,"column":46}},"8":{"start":{"line":65,"column":34},"end":{"line":65,"column":46}},"9":{"start":{"line":66,"column":4},"end":{"line":66,"column":39}},"10":{"start":{"line":70,"column":4},"end":{"line":70,"column":65}},"11":{"start":{"line":27,"column":0},"end":{"line":27,"column":13}}},"fnMap":{"0":{"name":"mapMenuItem","decl":{"start":{"line":11,"column":9},"end":{"line":11,"column":20}},"loc":{"start":{"line":11,"column":29},"end":{"line":25,"column":1}}},"1":{"name":"(anonymous_2)","decl":{"start":{"line":28,"column":2},"end":{"line":28,"column":7}},"loc":{"start":{"line":28,"column":57},"end":{"line":42,"column":3}}},"2":{"name":"(anonymous_3)","decl":{"start":{"line":44,"column":2},"end":{"line":44,"column":7}},"loc":{"start":{"line":44,"column":32},"end":{"line":47,"column":3}}},"3":{"name":"(anonymous_4)","decl":{"start":{"line":49,"column":2},"end":{"line":49,"column":7}},"loc":{"start":{"line":51,"column":30},"end":{"line":67,"column":3}}},"4":{"name":"(anonymous_5)","decl":{"start":{"line":69,"column":2},"end":{"line":69,"column":7}},"loc":{"start":{"line":69,"column":33},"end":{"line":71,"column":3}}}},"branchMap":{"0":{"loc":{"start":{"line":36,"column":8},"end":{"line":36,"column":28}},"type":"binary-expr","locations":[{"start":{"line":36,"column":8},"end":{"line":36,"column":20}},{"start":{"line":36,"column":24},"end":{"line":36,"column":28}}]},"1":{"loc":{"start":{"line":37,"column":8},"end":{"line":37,"column":32}},"type":"binary-expr","locations":[{"start":{"line":37,"column":8},"end":{"line":37,"column":24}},{"start":{"line":37,"column":28},"end":{"line":37,"column":32}}]},"2":{"loc":{"start":{"line":38,"column":8},"end":{"line":38,"column":36}},"type":"binary-expr","locations":[{"start":{"line":38,"column":8},"end":{"line":38,"column":23}},{"start":{"line":38,"column":27},"end":{"line":38,"column":36}}]},"3":{"loc":{"start":{"line":57,"column":8},"end":{"line":57,"column":28}},"type":"binary-expr","locations":[{"start":{"line":57,"column":8},"end":{"line":57,"column":20}},{"start":{"line":57,"column":24},"end":{"line":57,"column":28}}]},"4":{"loc":{"start":{"line":58,"column":8},"end":{"line":58,"column":30}},"type":"binary-expr","locations":[{"start":{"line":58,"column":8},"end":{"line":58,"column":22}},{"start":{"line":58,"column":26},"end":{"line":58,"column":30}}]},"5":{"loc":{"start":{"line":59,"column":8},"end":{"line":59,"column":28}},"type":"binary-expr","locations":[{"start":{"line":59,"column":8},"end":{"line":59,"column":20}},{"start":{"line":59,"column":24},"end":{"line":59,"column":28}}]},"6":{"loc":{"start":{"line":60,"column":8},"end":{"line":60,"column":28}},"type":"binary-expr","locations":[{"start":{"line":60,"column":8},"end":{"line":60,"column":20}},{"start":{"line":60,"column":24},"end":{"line":60,"column":28}}]},"7":{"loc":{"start":{"line":61,"column":8},"end":{"line":61,"column":32}},"type":"binary-expr","locations":[{"start":{"line":61,"column":8},"end":{"line":61,"column":24}},{"start":{"line":61,"column":28},"end":{"line":61,"column":32}}]},"8":{"loc":{"start":{"line":62,"column":8},"end":{"line":62,"column":31}},"type":"binary-expr","locations":[{"start":{"line":62,"column":8},"end":{"line":62,"column":23}},{"start":{"line":62,"column":27},"end":{"line":62,"column":31}}]},"9":{"loc":{"start":{"line":65,"column":4},"end":{"line":65,"column":46}},"type":"if","locations":[{"start":{"line":65,"column":4},"end":{"line":65,"column":46}},{"start":{},"end":{}}]}},"s":{"0":12,"1":4,"2":2,"3":2,"4":1,"5":1,"6":2,"7":2,"8":1,"9":1,"10":1,"11":12},"f":{"0":4,"1":2,"2":1,"3":2,"4":1},"b":{"0":[2,2],"1":[2,0],"2":[2,0],"3":[2,2],"4":[2,2],"5":[2,1],"6":[2,2],"7":[2,2],"8":[2,2],"9":[1,1]}}
,"C:\\Users\\joshu\\OneDrive\\Documentos\\TEC\\semestre 5\\Bases de Datos 2\\Tarea 01 - REST API\\src\\dao\\postgres\\PostgresOrderDao.ts": {"path":"C:\\Users\\joshu\\OneDrive\\Documentos\\TEC\\semestre 5\\Bases de Datos 2\\Tarea 01 - REST API\\src\\dao\\postgres\\PostgresOrderDao.ts","statementMap":{"0":{"start":{"line":1,"column":0},"end":{"line":1,"column":41}},"1":{"start":{"line":13,"column":2},"end":{"line":25,"column":4}},"2":{"start":{"line":30,"column":2},"end":{"line":37,"column":4}},"3":{"start":{"line":44,"column":19},"end":{"line":44,"column":39}},"4":{"start":{"line":45,"column":4},"end":{"line":83,"column":5}},"5":{"start":{"line":46,"column":6},"end":{"line":46,"column":34}},"6":{"start":{"line":48,"column":26},"end":{"line":56,"column":null}},"7":{"start":{"line":58,"column":20},"end":{"line":58,"column":39}},"8":{"start":{"line":60,"column":6},"end":{"line":67,"column":7}},"9":{"start":{"line":61,"column":8},"end":{"line":66,"column":11}},"10":{"start":{"line":69,"column":6},"end":{"line":69,"column":78}},"11":{"start":{"line":71,"column":30},"end":{"line":73,"column":null}},"12":{"start":{"line":76,"column":6},"end":{"line":76,"column":35}},"13":{"start":{"line":77,"column":6},"end":{"line":77,"column":47}},"14":{"start":{"line":79,"column":6},"end":{"line":79,"column":37}},"15":{"start":{"line":80,"column":6},"end":{"line":80,"column":16}},"16":{"start":{"line":82,"column":6},"end":{"line":82,"column":23}},"17":{"start":{"line":87,"column":19},"end":{"line":87,"column":81}},"18":{"start":{"line":88,"column":4},"end":{"line":88,"column":46}},"19":{"start":{"line":88,"column":34},"end":{"line":88,"column":46}},"20":{"start":{"line":89,"column":4},"end":{"line":89,"column":36}},"21":{"start":{"line":93,"column":19},"end":{"line":95,"column":null}},"22":{"start":{"line":97,"column":4},"end":{"line":97,"column":44}},"23":{"start":{"line":102,"column":19},"end":{"line":102,"column":39}},"24":{"start":{"line":103,"column":4},"end":{"line":122,"column":5}},"25":{"start":{"line":104,"column":6},"end":{"line":104,"column":34}},"26":{"start":{"line":106,"column":25},"end":{"line":108,"column":null}},"27":{"start":{"line":111,"column":6},"end":{"line":111,"column":77}},"28":{"start":{"line":113,"column":6},"end":{"line":113,"column":35}},"29":{"start":{"line":116,"column":6},"end":{"line":116,"column":32}},"30":{"start":{"line":118,"column":6},"end":{"line":118,"column":37}},"31":{"start":{"line":119,"column":6},"end":{"line":119,"column":16}},"32":{"start":{"line":121,"column":6},"end":{"line":121,"column":23}},"33":{"start":{"line":129,"column":19},"end":{"line":131,"column":null}},"34":{"start":{"line":133,"column":4},"end":{"line":133,"column":46}},"35":{"start":{"line":133,"column":34},"end":{"line":133,"column":46}},"36":{"start":{"line":134,"column":16},"end":{"line":134,"column":30}},"37":{"start":{"line":135,"column":4},"end":{"line":139,"column":6}},"38":{"start":{"line":40,"column":0},"end":{"line":40,"column":13}}},"fnMap":{"0":{"name":"mapOrder","decl":{"start":{"line":12,"column":9},"end":{"line":12,"column":17}},"loc":{"start":{"line":12,"column":26},"end":{"line":26,"column":1}}},"1":{"name":"mapOrderSummary","decl":{"start":{"line":29,"column":9},"end":{"line":29,"column":24}},"loc":{"start":{"line":29,"column":33},"end":{"line":38,"column":1}}},"2":{"name":"(anonymous_3)","decl":{"start":{"line":41,"column":2},"end":{"line":41,"column":7}},"loc":{"start":{"line":41,"column":45},"end":{"line":84,"column":3}}},"3":{"name":"(anonymous_4)","decl":{"start":{"line":86,"column":2},"end":{"line":86,"column":7}},"loc":{"start":{"line":86,"column":26},"end":{"line":90,"column":3}}},"4":{"name":"(anonymous_5)","decl":{"start":{"line":92,"column":2},"end":{"line":92,"column":7}},"loc":{"start":{"line":92,"column":36},"end":{"line":98,"column":3}}},"5":{"name":"(anonymous_6)","decl":{"start":{"line":100,"column":2},"end":{"line":100,"column":7}},"loc":{"start":{"line":100,"column":57},"end":{"line":123,"column":3}}},"6":{"name":"(anonymous_7)","decl":{"start":{"line":125,"column":2},"end":{"line":125,"column":7}},"loc":{"start":{"line":127,"column":23},"end":{"line":140,"column":3}}}},"branchMap":{"0":{"loc":{"start":{"line":24,"column":11},"end":{"line":24,"column":26}},"type":"binary-expr","locations":[{"start":{"line":24,"column":11},"end":{"line":24,"column":20}},{"start":{"line":24,"column":24},"end":{"line":24,"column":26}}]},"1":{"loc":{"start":{"line":53,"column":10},"end":{"line":53,"column":32}},"type":"binary-expr","locations":[{"start":{"line":53,"column":10},"end":{"line":53,"column":24}},{"start":{"line":53,"column":28},"end":{"line":53,"column":32}}]},"2":{"loc":{"start":{"line":54,"column":10},"end":{"line":54,"column":44}},"type":"binary-expr","locations":[{"start":{"line":54,"column":10},"end":{"line":54,"column":24}},{"start":{"line":54,"column":28},"end":{"line":54,"column":44}}]},"3":{"loc":{"start":{"line":55,"column":10},"end":{"line":55,"column":28}},"type":"binary-expr","locations":[{"start":{"line":55,"column":10},"end":{"line":55,"column":20}},{"start":{"line":55,"column":24},"end":{"line":55,"column":28}}]},"4":{"loc":{"start":{"line":65,"column":10},"end":{"line":65,"column":28}},"type":"binary-expr","locations":[{"start":{"line":65,"column":10},"end":{"line":65,"column":20}},{"start":{"line":65,"column":24},"end":{"line":65,"column":28}}]},"5":{"loc":{"start":{"line":88,"column":4},"end":{"line":88,"column":46}},"type":"if","locations":[{"start":{"line":88,"column":4},"end":{"line":88,"column":46}},{"start":{},"end":{}}]},"6":{"loc":{"start":{"line":108,"column":52},"end":{"line":108,"column":71}},"type":"binary-expr","locations":[{"start":{"line":108,"column":52},"end":{"line":108,"column":63}},{"start":{"line":108,"column":67},"end":{"line":108,"column":71}}]},"7":{"loc":{"start":{"line":133,"column":4},"end":{"line":133,"column":46}},"type":"if","locations":[{"start":{"line":133,"column":4},"end":{"line":133,"column":46}},{"start":{},"end":{}}]}},"s":{"0":12,"1":7,"2":1,"3":3,"4":3,"5":3,"6":3,"7":3,"8":3,"9":3,"10":2,"11":2,"12":2,"13":2,"14":1,"15":1,"16":3,"17":7,"18":7,"19":2,"20":5,"21":1,"22":1,"23":2,"24":2,"25":2,"26":2,"27":1,"28":1,"29":1,"30":1,"31":1,"32":2,"33":2,"34":2,"35":1,"36":1,"37":1,"38":12},"f":{"0":7,"1":1,"2":3,"3":7,"4":1,"5":2,"6":2},"b":{"0":[7,0],"1":[3,3],"2":[3,0],"3":[3,3],"4":[3,3],"5":[2,5],"6":[2,2],"7":[1,1]}}
,"C:\\Users\\joshu\\OneDrive\\Documentos\\TEC\\semestre 5\\Bases de Datos 2\\Tarea 01 - REST API\\src\\dao\\postgres\\PostgresReservationDao.ts": {"path":"C:\\Users\\joshu\\OneDrive\\Documentos\\TEC\\semestre 5\\Bases de Datos 2\\Tarea 01 - REST API\\src\\dao\\postgres\\PostgresReservationDao.ts","statementMap":{"0":{"start":{"line":1,"column":0},"end":{"line":1,"column":41}},"1":{"start":{"line":10,"column":2},"end":{"line":22,"column":4}},"2":{"start":{"line":26,"column":2},"end":{"line":32,"column":4}},"3":{"start":{"line":41,"column":19},"end":{"line":43,"column":null}},"4":{"start":{"line":45,"column":4},"end":{"line":45,"column":37}},"5":{"start":{"line":49,"column":19},"end":{"line":59,"column":null}},"6":{"start":{"line":61,"column":4},"end":{"line":61,"column":42}},"7":{"start":{"line":65,"column":19},"end":{"line":67,"column":null}},"8":{"start":{"line":69,"column":4},"end":{"line":69,"column":46}},"9":{"start":{"line":69,"column":34},"end":{"line":69,"column":46}},"10":{"start":{"line":70,"column":4},"end":{"line":70,"column":42}},"11":{"start":{"line":74,"column":19},"end":{"line":76,"column":null}},"12":{"start":{"line":78,"column":4},"end":{"line":78,"column":43}},"13":{"start":{"line":82,"column":19},"end":{"line":84,"column":null}},"14":{"start":{"line":86,"column":4},"end":{"line":86,"column":43}},"15":{"start":{"line":93,"column":19},"end":{"line":95,"column":null}},"16":{"start":{"line":97,"column":4},"end":{"line":97,"column":46}},"17":{"start":{"line":97,"column":34},"end":{"line":97,"column":46}},"18":{"start":{"line":98,"column":4},"end":{"line":98,"column":42}},"19":{"start":{"line":35,"column":0},"end":{"line":35,"column":13}}},"fnMap":{"0":{"name":"mapReservation","decl":{"start":{"line":9,"column":9},"end":{"line":9,"column":23}},"loc":{"start":{"line":9,"column":32},"end":{"line":23,"column":1}}},"1":{"name":"mapTable","decl":{"start":{"line":25,"column":9},"end":{"line":25,"column":17}},"loc":{"start":{"line":25,"column":26},"end":{"line":33,"column":1}}},"2":{"name":"(anonymous_3)","decl":{"start":{"line":36,"column":2},"end":{"line":36,"column":7}},"loc":{"start":{"line":39,"column":25},"end":{"line":46,"column":3}}},"3":{"name":"(anonymous_4)","decl":{"start":{"line":48,"column":2},"end":{"line":48,"column":7}},"loc":{"start":{"line":48,"column":42},"end":{"line":62,"column":3}}},"4":{"name":"(anonymous_5)","decl":{"start":{"line":64,"column":2},"end":{"line":64,"column":7}},"loc":{"start":{"line":64,"column":26},"end":{"line":71,"column":3}}},"5":{"name":"(anonymous_6)","decl":{"start":{"line":73,"column":2},"end":{"line":73,"column":7}},"loc":{"start":{"line":73,"column":36},"end":{"line":79,"column":3}}},"6":{"name":"(anonymous_7)","decl":{"start":{"line":81,"column":2},"end":{"line":81,"column":7}},"loc":{"start":{"line":81,"column":44},"end":{"line":87,"column":3}}},"7":{"name":"(anonymous_8)","decl":{"start":{"line":89,"column":2},"end":{"line":89,"column":7}},"loc":{"start":{"line":91,"column":20},"end":{"line":99,"column":3}}}},"branchMap":{"0":{"loc":{"start":{"line":39,"column":4},"end":{"line":39,"column":25}},"type":"default-arg","locations":[{"start":{"line":39,"column":23},"end":{"line":39,"column":25}}]},"1":{"loc":{"start":{"line":57,"column":8},"end":{"line":57,"column":34}},"type":"binary-expr","locations":[{"start":{"line":57,"column":8},"end":{"line":57,"column":28}},{"start":{"line":57,"column":32},"end":{"line":57,"column":34}}]},"2":{"loc":{"start":{"line":58,"column":8},"end":{"line":58,"column":26}},"type":"binary-expr","locations":[{"start":{"line":58,"column":8},"end":{"line":58,"column":18}},{"start":{"line":58,"column":22},"end":{"line":58,"column":26}}]},"3":{"loc":{"start":{"line":69,"column":4},"end":{"line":69,"column":46}},"type":"if","locations":[{"start":{"line":69,"column":4},"end":{"line":69,"column":46}},{"start":{},"end":{}}]},"4":{"loc":{"start":{"line":97,"column":4},"end":{"line":97,"column":46}},"type":"if","locations":[{"start":{"line":97,"column":4},"end":{"line":97,"column":46}},{"start":{},"end":{}}]}},"s":{"0":12,"1":7,"2":1,"3":3,"4":3,"5":3,"6":3,"7":2,"8":2,"9":1,"10":1,"11":1,"12":1,"13":1,"14":1,"15":2,"16":2,"17":1,"18":1,"19":12},"f":{"0":7,"1":1,"2":3,"3":3,"4":2,"5":1,"6":1,"7":2},"b":{"0":[0],"1":[3,0],"2":[3,3],"3":[1,1],"4":[1,1]}}
,"C:\\Users\\joshu\\OneDrive\\Documentos\\TEC\\semestre 5\\Bases de Datos 2\\Tarea 01 - REST API\\src\\dao\\postgres\\PostgresRestaurantDao.ts": {"path":"C:\\Users\\joshu\\OneDrive\\Documentos\\TEC\\semestre 5\\Bases de Datos 2\\Tarea 01 - REST API\\src\\dao\\postgres\\PostgresRestaurantDao.ts","statementMap":{"0":{"start":{"line":1,"column":0},"end":{"line":1,"column":41}},"1":{"start":{"line":10,"column":2},"end":{"line":19,"column":4}},"2":{"start":{"line":25,"column":2},"end":{"line":39,"column":4}},"3":{"start":{"line":44,"column":19},"end":{"line":53,"column":null}},"4":{"start":{"line":55,"column":4},"end":{"line":55,"column":41}},"5":{"start":{"line":59,"column":19},"end":{"line":59,"column":74}},"6":{"start":{"line":60,"column":4},"end":{"line":60,"column":51}},"7":{"start":{"line":42,"column":0},"end":{"line":42,"column":13}}},"fnMap":{"0":{"name":"mapRestaurant","decl":{"start":{"line":9,"column":9},"end":{"line":9,"column":22}},"loc":{"start":{"line":9,"column":31},"end":{"line":20,"column":1}}},"1":{"name":"mapRestaurantWithAdmin","decl":{"start":{"line":24,"column":9},"end":{"line":24,"column":31}},"loc":{"start":{"line":24,"column":40},"end":{"line":40,"column":1}}},"2":{"name":"(anonymous_3)","decl":{"start":{"line":43,"column":2},"end":{"line":43,"column":7}},"loc":{"start":{"line":43,"column":41},"end":{"line":56,"column":3}}},"3":{"name":"(anonymous_4)","decl":{"start":{"line":58,"column":2},"end":{"line":58,"column":7}},"loc":{"start":{"line":58,"column":12},"end":{"line":61,"column":3}}}},"branchMap":{"0":{"loc":{"start":{"line":48,"column":8},"end":{"line":48,"column":32}},"type":"binary-expr","locations":[{"start":{"line":48,"column":8},"end":{"line":48,"column":24}},{"start":{"line":48,"column":28},"end":{"line":48,"column":32}}]},"1":{"loc":{"start":{"line":50,"column":8},"end":{"line":50,"column":26}},"type":"binary-expr","locations":[{"start":{"line":50,"column":8},"end":{"line":50,"column":18}},{"start":{"line":50,"column":22},"end":{"line":50,"column":26}}]},"2":{"loc":{"start":{"line":51,"column":8},"end":{"line":51,"column":33}},"type":"binary-expr","locations":[{"start":{"line":51,"column":8},"end":{"line":51,"column":25}},{"start":{"line":51,"column":29},"end":{"line":51,"column":33}}]}},"s":{"0":12,"1":4,"2":2,"3":4,"4":4,"5":3,"6":3,"7":12},"f":{"0":4,"1":2,"2":4,"3":3},"b":{"0":[4,2],"1":[4,2],"2":[4,2]}}
,"C:\\Users\\joshu\\OneDrive\\Documentos\\TEC\\semestre 5\\Bases de Datos 2\\Tarea 01 - REST API\\src\\dao\\postgres\\PostgresUserDao.ts": {"path":"C:\\Users\\joshu\\OneDrive\\Documentos\\TEC\\semestre 5\\Bases de Datos 2\\Tarea 01 - REST API\\src\\dao\\postgres\\PostgresUserDao.ts","statementMap":{"0":{"start":{"line":1,"column":0},"end":{"line":1,"column":41}},"1":{"start":{"line":12,"column":2},"end":{"line":21,"column":4}},"2":{"start":{"line":26,"column":19},"end":{"line":28,"column":null}},"3":{"start":{"line":30,"column":4},"end":{"line":30,"column":35}},"4":{"start":{"line":34,"column":19},"end":{"line":36,"column":null}},"5":{"start":{"line":38,"column":4},"end":{"line":38,"column":46}},"6":{"start":{"line":38,"column":34},"end":{"line":38,"column":46}},"7":{"start":{"line":39,"column":4},"end":{"line":39,"column":35}},"8":{"start":{"line":43,"column":19},"end":{"line":43,"column":80}},"9":{"start":{"line":44,"column":4},"end":{"line":44,"column":46}},"10":{"start":{"line":44,"column":34},"end":{"line":44,"column":46}},"11":{"start":{"line":45,"column":4},"end":{"line":45,"column":35}},"12":{"start":{"line":49,"column":19},"end":{"line":51,"column":null}},"13":{"start":{"line":53,"column":4},"end":{"line":53,"column":46}},"14":{"start":{"line":53,"column":34},"end":{"line":53,"column":46}},"15":{"start":{"line":54,"column":4},"end":{"line":54,"column":35}},"16":{"start":{"line":58,"column":4},"end":{"line":58,"column":61}},"17":{"start":{"line":24,"column":0},"end":{"line":24,"column":13}}},"fnMap":{"0":{"name":"mapUser","decl":{"start":{"line":11,"column":9},"end":{"line":11,"column":16}},"loc":{"start":{"line":11,"column":25},"end":{"line":22,"column":1}}},"1":{"name":"(anonymous_2)","decl":{"start":{"line":25,"column":2},"end":{"line":25,"column":7}},"loc":{"start":{"line":25,"column":35},"end":{"line":31,"column":3}}},"2":{"name":"(anonymous_3)","decl":{"start":{"line":33,"column":2},"end":{"line":33,"column":7}},"loc":{"start":{"line":33,"column":46},"end":{"line":40,"column":3}}},"3":{"name":"(anonymous_4)","decl":{"start":{"line":42,"column":2},"end":{"line":42,"column":7}},"loc":{"start":{"line":42,"column":26},"end":{"line":46,"column":3}}},"4":{"name":"(anonymous_5)","decl":{"start":{"line":48,"column":2},"end":{"line":48,"column":7}},"loc":{"start":{"line":48,"column":49},"end":{"line":55,"column":3}}},"5":{"name":"(anonymous_6)","decl":{"start":{"line":57,"column":2},"end":{"line":57,"column":7}},"loc":{"start":{"line":57,"column":29},"end":{"line":59,"column":3}}}},"branchMap":{"0":{"loc":{"start":{"line":28,"column":66},"end":{"line":28,"column":84}},"type":"binary-expr","locations":[{"start":{"line":28,"column":66},"end":{"line":28,"column":76}},{"start":{"line":28,"column":80},"end":{"line":28,"column":84}}]},"1":{"loc":{"start":{"line":38,"column":4},"end":{"line":38,"column":46}},"type":"if","locations":[{"start":{"line":38,"column":4},"end":{"line":38,"column":46}},{"start":{},"end":{}}]},"2":{"loc":{"start":{"line":44,"column":4},"end":{"line":44,"column":46}},"type":"if","locations":[{"start":{"line":44,"column":4},"end":{"line":44,"column":46}},{"start":{},"end":{}}]},"3":{"loc":{"start":{"line":51,"column":11},"end":{"line":51,"column":33}},"type":"binary-expr","locations":[{"start":{"line":51,"column":11},"end":{"line":51,"column":25}},{"start":{"line":51,"column":29},"end":{"line":51,"column":33}}]},"4":{"loc":{"start":{"line":51,"column":35},"end":{"line":51,"column":54}},"type":"binary-expr","locations":[{"start":{"line":51,"column":35},"end":{"line":51,"column":46}},{"start":{"line":51,"column":50},"end":{"line":51,"column":54}}]},"5":{"loc":{"start":{"line":53,"column":4},"end":{"line":53,"column":46}},"type":"if","locations":[{"start":{"line":53,"column":4},"end":{"line":53,"column":46}},{"start":{},"end":{}}]}},"s":{"0":12,"1":25,"2":4,"3":3,"4":22,"5":22,"6":7,"7":15,"8":7,"9":7,"10":2,"11":5,"12":2,"13":2,"14":0,"15":2,"16":1,"17":12},"f":{"0":25,"1":4,"2":22,"3":7,"4":2,"5":1},"b":{"0":[4,1],"1":[7,15],"2":[2,5],"3":[2,1],"4":[2,2],"5":[0,2]}}
,"C:\\Users\\joshu\\OneDrive\\Documentos\\TEC\\semestre 5\\Bases de Datos 2\\Tarea 01 - REST API\\src\\services\\auth.service.ts": {"path":"C:\\Users\\joshu\\OneDrive\\Documentos\\TEC\\semestre 5\\Bases de Datos 2\\Tarea 01 - REST API\\src\\services\\auth.service.ts","statementMap":{"0":{"start":{"line":22,"column":0},"end":{"line":22,"column":7}},"1":{"start":{"line":97,"column":0},"end":{"line":97,"column":7}},"2":{"start":{"line":1,"column":0},"end":{"line":1,"column":26}},"3":{"start":{"line":2,"column":0},"end":{"line":2,"column":52}},"4":{"start":{"line":3,"column":0},"end":{"line":3,"column":40}},"5":{"start":{"line":8,"column":17},"end":{"line":12,"column":4}},"6":{"start":{"line":14,"column":19},"end":{"line":16,"column":4}},"7":{"start":{"line":18,"column":2},"end":{"line":18,"column":36}},"8":{"start":{"line":23,"column":21},"end":{"line":23,"column":42}},"9":{"start":{"line":26,"column":29},"end":{"line":44,"column":null}},"10":{"start":{"line":48,"column":25},"end":{"line":48,"column":60}},"11":{"start":{"line":49,"column":25},"end":{"line":49,"column":57}},"12":{"start":{"line":52,"column":24},"end":{"line":56,"column":null}},"13":{"start":{"line":58,"column":29},"end":{"line":58,"column":47}},"14":{"start":{"line":61,"column":2},"end":{"line":67,"column":4}},"15":{"start":{"line":71,"column":2},"end":{"line":93,"column":3}},"16":{"start":{"line":72,"column":17},"end":{"line":78,"column":6}},"17":{"start":{"line":80,"column":4},"end":{"line":86,"column":6}},"18":{"start":{"line":88,"column":4},"end":{"line":91,"column":6}},"19":{"start":{"line":92,"column":4},"end":{"line":92,"column":58}},"20":{"start":{"line":98,"column":17},"end":{"line":104,"column":4}},"21":{"start":{"line":106,"column":19},"end":{"line":108,"column":4}},"22":{"start":{"line":110,"column":2},"end":{"line":115,"column":4}}},"fnMap":{"0":{"name":"getAdminToken","decl":{"start":{"line":7,"column":15},"end":{"line":7,"column":28}},"loc":{"start":{"line":7,"column":28},"end":{"line":19,"column":1}}},"1":{"name":"registerUser","decl":{"start":{"line":22,"column":22},"end":{"line":22,"column":34}},"loc":{"start":{"line":22,"column":55},"end":{"line":94,"column":1}}},"2":{"name":"loginUser","decl":{"start":{"line":97,"column":22},"end":{"line":97,"column":31}},"loc":{"start":{"line":97,"column":49},"end":{"line":116,"column":1}}}},"branchMap":{"0":{"loc":{"start":{"line":32,"column":16},"end":{"line":32,"column":66}},"type":"binary-expr","locations":[{"start":{"line":32,"column":16},"end":{"line":32,"column":60}},{"start":{"line":32,"column":64},"end":{"line":32,"column":66}}]},"1":{"loc":{"start":{"line":77,"column":13},"end":{"line":77,"column":32}},"type":"binary-expr","locations":[{"start":{"line":77,"column":13},"end":{"line":77,"column":24}},{"start":{"line":77,"column":28},"end":{"line":77,"column":32}}]}},"s":{"0":2,"1":2,"2":2,"3":2,"4":2,"5":5,"6":5,"7":5,"8":5,"9":5,"10":4,"11":4,"12":4,"13":4,"14":4,"15":4,"16":4,"17":3,"18":1,"19":1,"20":3,"21":3,"22":2},"f":{"0":5,"1":5,"2":3},"b":{"0":[5,0],"1":[4,1]}}
,"C:\\Users\\joshu\\OneDrive\\Documentos\\TEC\\semestre 5\\Bases de Datos 2\\Tarea 01 - REST API\\src\\services\\menu.service.ts": {"path":"C:\\Users\\joshu\\OneDrive\\Documentos\\TEC\\semestre 5\\Bases de Datos 2\\Tarea 01 - REST API\\src\\services\\menu.service.ts","statementMap":{"0":{"start":{"line":11,"column":0},"end":{"line":11,"column":7}},"1":{"start":{"line":15,"column":0},"end":{"line":15,"column":7}},"2":{"start":{"line":19,"column":0},"end":{"line":19,"column":7}},"3":{"start":{"line":23,"column":0},"end":{"line":23,"column":7}},"4":{"start":{"line":27,"column":0},"end":{"line":27,"column":7}},"5":{"start":{"line":33,"column":0},"end":{"line":33,"column":7}},"6":{"start":{"line":37,"column":0},"end":{"line":37,"column":7}},"7":{"start":{"line":41,"column":0},"end":{"line":41,"column":7}},"8":{"start":{"line":45,"column":0},"end":{"line":45,"column":7}},"9":{"start":{"line":1,"column":0},"end":{"line":1,"column":40}},"10":{"start":{"line":12,"column":2},"end":{"line":12,"column":33}},"11":{"start":{"line":16,"column":2},"end":{"line":16,"column":31}},"12":{"start":{"line":20,"column":2},"end":{"line":20,"column":49}},"13":{"start":{"line":24,"column":2},"end":{"line":24,"column":37}},"14":{"start":{"line":28,"column":2},"end":{"line":28,"column":33}},"15":{"start":{"line":34,"column":2},"end":{"line":34,"column":45}},"16":{"start":{"line":38,"column":2},"end":{"line":38,"column":41}},"17":{"start":{"line":42,"column":2},"end":{"line":42,"column":45}},"18":{"start":{"line":46,"column":2},"end":{"line":46,"column":41}}},"fnMap":{"0":{"name":"createMenuService","decl":{"start":{"line":11,"column":22},"end":{"line":11,"column":39}},"loc":{"start":{"line":11,"column":62},"end":{"line":13,"column":1}}},"1":{"name":"getMenuByIdService","decl":{"start":{"line":15,"column":22},"end":{"line":15,"column":40}},"loc":{"start":{"line":15,"column":51},"end":{"line":17,"column":1}}},"2":{"name":"getMenusByRestaurantService","decl":{"start":{"line":19,"column":22},"end":{"line":19,"column":49}},"loc":{"start":{"line":19,"column":70},"end":{"line":21,"column":1}}},"3":{"name":"updateMenuService","decl":{"start":{"line":23,"column":22},"end":{"line":23,"column":39}},"loc":{"start":{"line":23,"column":74},"end":{"line":25,"column":1}}},"4":{"name":"deleteMenuService","decl":{"start":{"line":27,"column":22},"end":{"line":27,"column":39}},"loc":{"start":{"line":27,"column":50},"end":{"line":29,"column":1}}},"5":{"name":"createMenuItemService","decl":{"start":{"line":33,"column":22},"end":{"line":33,"column":43}},"loc":{"start":{"line":33,"column":86},"end":{"line":35,"column":1}}},"6":{"name":"getMenuItemsService","decl":{"start":{"line":37,"column":22},"end":{"line":37,"column":41}},"loc":{"start":{"line":37,"column":56},"end":{"line":39,"column":1}}},"7":{"name":"updateMenuItemService","decl":{"start":{"line":41,"column":22},"end":{"line":41,"column":43}},"loc":{"start":{"line":41,"column":86},"end":{"line":43,"column":1}}},"8":{"name":"deleteMenuItemService","decl":{"start":{"line":45,"column":22},"end":{"line":45,"column":43}},"loc":{"start":{"line":45,"column":58},"end":{"line":47,"column":1}}}},"branchMap":{},"s":{"0":2,"1":2,"2":2,"3":2,"4":2,"5":2,"6":2,"7":2,"8":2,"9":2,"10":2,"11":2,"12":2,"13":2,"14":1,"15":2,"16":1,"17":2,"18":1},"f":{"0":2,"1":2,"2":2,"3":2,"4":1,"5":2,"6":1,"7":2,"8":1},"b":{}}
,"C:\\Users\\joshu\\OneDrive\\Documentos\\TEC\\semestre 5\\Bases de Datos 2\\Tarea 01 - REST API\\src\\services\\order.service.ts": {"path":"C:\\Users\\joshu\\OneDrive\\Documentos\\TEC\\semestre 5\\Bases de Datos 2\\Tarea 01 - REST API\\src\\services\\order.service.ts","statementMap":{"0":{"start":{"line":16,"column":0},"end":{"line":16,"column":7}},"1":{"start":{"line":34,"column":0},"end":{"line":34,"column":7}},"2":{"start":{"line":38,"column":0},"end":{"line":38,"column":7}},"3":{"start":{"line":44,"column":0},"end":{"line":44,"column":7}},"4":{"start":{"line":59,"column":0},"end":{"line":59,"column":7}},"5":{"start":{"line":1,"column":0},"end":{"line":1,"column":40}},"6":{"start":{"line":19,"column":21},"end":{"line":19,"column":69}},"7":{"start":{"line":20,"column":2},"end":{"line":22,"column":3}},"8":{"start":{"line":21,"column":4},"end":{"line":21,"column":56}},"9":{"start":{"line":24,"column":2},"end":{"line":31,"column":5}},"10":{"start":{"line":35,"column":2},"end":{"line":35,"column":32}},"11":{"start":{"line":39,"column":21},"end":{"line":39,"column":64}},"12":{"start":{"line":40,"column":2},"end":{"line":40,"column":29}},"13":{"start":{"line":40,"column":19},"end":{"line":40,"column":29}},"14":{"start":{"line":41,"column":2},"end":{"line":41,"column":47}},"15":{"start":{"line":48,"column":16},"end":{"line":48,"column":49}},"16":{"start":{"line":49,"column":2},"end":{"line":51,"column":3}},"17":{"start":{"line":50,"column":4},"end":{"line":50,"column":43}},"18":{"start":{"line":52,"column":2},"end":{"line":54,"column":3}},"19":{"start":{"line":53,"column":4},"end":{"line":53,"column":79}},"20":{"start":{"line":56,"column":2},"end":{"line":56,"column":44}},"21":{"start":{"line":63,"column":2},"end":{"line":63,"column":45}}},"fnMap":{"0":{"name":"createOrderService","decl":{"start":{"line":16,"column":22},"end":{"line":16,"column":40}},"loc":{"start":{"line":17,"column":49},"end":{"line":32,"column":1}}},"1":{"name":"getOrderByIdService","decl":{"start":{"line":34,"column":22},"end":{"line":34,"column":41}},"loc":{"start":{"line":34,"column":52},"end":{"line":36,"column":1}}},"2":{"name":"getOrdersByClientService","decl":{"start":{"line":38,"column":22},"end":{"line":38,"column":46}},"loc":{"start":{"line":38,"column":65},"end":{"line":42,"column":1}}},"3":{"name":"addItemToOrderService","decl":{"start":{"line":44,"column":22},"end":{"line":44,"column":43}},"loc":{"start":{"line":46,"column":26},"end":{"line":57,"column":1}}},"4":{"name":"updateOrderStatusService","decl":{"start":{"line":59,"column":22},"end":{"line":59,"column":46}},"loc":{"start":{"line":61,"column":21},"end":{"line":64,"column":1}}}},"branchMap":{"0":{"loc":{"start":{"line":20,"column":2},"end":{"line":22,"column":3}},"type":"if","locations":[{"start":{"line":20,"column":2},"end":{"line":22,"column":3}},{"start":{},"end":{}}]},"1":{"loc":{"start":{"line":27,"column":15},"end":{"line":27,"column":38}},"type":"binary-expr","locations":[{"start":{"line":27,"column":15},"end":{"line":27,"column":30}},{"start":{"line":27,"column":34},"end":{"line":27,"column":38}}]},"2":{"loc":{"start":{"line":28,"column":15},"end":{"line":28,"column":50}},"type":"binary-expr","locations":[{"start":{"line":28,"column":15},"end":{"line":28,"column":30}},{"start":{"line":28,"column":34},"end":{"line":28,"column":50}}]},"3":{"loc":{"start":{"line":29,"column":11},"end":{"line":29,"column":30}},"type":"binary-expr","locations":[{"start":{"line":29,"column":11},"end":{"line":29,"column":22}},{"start":{"line":29,"column":26},"end":{"line":29,"column":30}}]},"4":{"loc":{"start":{"line":40,"column":2},"end":{"line":40,"column":29}},"type":"if","locations":[{"start":{"line":40,"column":2},"end":{"line":40,"column":29}},{"start":{},"end":{}}]},"5":{"loc":{"start":{"line":49,"column":2},"end":{"line":51,"column":3}},"type":"if","locations":[{"start":{"line":49,"column":2},"end":{"line":51,"column":3}},{"start":{},"end":{}}]},"6":{"loc":{"start":{"line":52,"column":2},"end":{"line":54,"column":3}},"type":"if","locations":[{"start":{"line":52,"column":2},"end":{"line":54,"column":3}},{"start":{},"end":{}}]}},"s":{"0":2,"1":2,"2":2,"3":2,"4":2,"5":2,"6":4,"7":4,"8":1,"9":3,"10":3,"11":2,"12":2,"13":1,"14":1,"15":4,"16":4,"17":1,"18":3,"19":1,"20":2,"21":2},"f":{"0":4,"1":3,"2":2,"3":4,"4":2},"b":{"0":[1,3],"1":[3,3],"2":[3,0],"3":[3,3],"4":[1,1],"5":[1,3],"6":[1,2]}}
,"C:\\Users\\joshu\\OneDrive\\Documentos\\TEC\\semestre 5\\Bases de Datos 2\\Tarea 01 - REST API\\src\\services\\reservation.service.ts": {"path":"C:\\Users\\joshu\\OneDrive\\Documentos\\TEC\\semestre 5\\Bases de Datos 2\\Tarea 01 - REST API\\src\\services\\reservation.service.ts","statementMap":{"0":{"start":{"line":5,"column":0},"end":{"line":5,"column":7}},"1":{"start":{"line":13,"column":0},"end":{"line":13,"column":7}},"2":{"start":{"line":33,"column":0},"end":{"line":33,"column":7}},"3":{"start":{"line":37,"column":0},"end":{"line":37,"column":7}},"4":{"start":{"line":43,"column":0},"end":{"line":43,"column":7}},"5":{"start":{"line":47,"column":0},"end":{"line":47,"column":7}},"6":{"start":{"line":1,"column":0},"end":{"line":1,"column":40}},"7":{"start":{"line":10,"column":2},"end":{"line":10,"column":84}},"8":{"start":{"line":17,"column":21},"end":{"line":17,"column":69}},"9":{"start":{"line":18,"column":2},"end":{"line":20,"column":3}},"10":{"start":{"line":19,"column":4},"end":{"line":19,"column":53}},"11":{"start":{"line":22,"column":2},"end":{"line":30,"column":5}},"12":{"start":{"line":34,"column":2},"end":{"line":34,"column":38}},"13":{"start":{"line":38,"column":21},"end":{"line":38,"column":64}},"14":{"start":{"line":39,"column":2},"end":{"line":39,"column":29}},"15":{"start":{"line":39,"column":19},"end":{"line":39,"column":29}},"16":{"start":{"line":40,"column":2},"end":{"line":40,"column":53}},"17":{"start":{"line":44,"column":2},"end":{"line":44,"column":56}},"18":{"start":{"line":48,"column":21},"end":{"line":48,"column":64}},"19":{"start":{"line":49,"column":2},"end":{"line":49,"column":31}},"20":{"start":{"line":49,"column":19},"end":{"line":49,"column":31}},"21":{"start":{"line":50,"column":2},"end":{"line":50,"column":52}}},"fnMap":{"0":{"name":"getAvailableTablesService","decl":{"start":{"line":5,"column":22},"end":{"line":5,"column":47}},"loc":{"start":{"line":8,"column":23},"end":{"line":11,"column":1}}},"1":{"name":"createReservationService","decl":{"start":{"line":13,"column":22},"end":{"line":13,"column":46}},"loc":{"start":{"line":14,"column":55},"end":{"line":31,"column":1}}},"2":{"name":"getReservationByIdService","decl":{"start":{"line":33,"column":22},"end":{"line":33,"column":47}},"loc":{"start":{"line":33,"column":58},"end":{"line":35,"column":1}}},"3":{"name":"getReservationsByClientService","decl":{"start":{"line":37,"column":22},"end":{"line":37,"column":52}},"loc":{"start":{"line":37,"column":71},"end":{"line":41,"column":1}}},"4":{"name":"getReservationsByRestaurantService","decl":{"start":{"line":43,"column":22},"end":{"line":43,"column":56}},"loc":{"start":{"line":43,"column":77},"end":{"line":45,"column":1}}},"5":{"name":"cancelReservationService","decl":{"start":{"line":47,"column":22},"end":{"line":47,"column":46}},"loc":{"start":{"line":47,"column":77},"end":{"line":51,"column":1}}}},"branchMap":{"0":{"loc":{"start":{"line":8,"column":2},"end":{"line":8,"column":23}},"type":"default-arg","locations":[{"start":{"line":8,"column":21},"end":{"line":8,"column":23}}]},"1":{"loc":{"start":{"line":18,"column":2},"end":{"line":20,"column":3}},"type":"if","locations":[{"start":{"line":18,"column":2},"end":{"line":20,"column":3}},{"start":{},"end":{}}]},"2":{"loc":{"start":{"line":28,"column":21},"end":{"line":28,"column":48}},"type":"binary-expr","locations":[{"start":{"line":28,"column":21},"end":{"line":28,"column":42}},{"start":{"line":28,"column":46},"end":{"line":28,"column":48}}]},"3":{"loc":{"start":{"line":29,"column":11},"end":{"line":29,"column":30}},"type":"binary-expr","locations":[{"start":{"line":29,"column":11},"end":{"line":29,"column":22}},{"start":{"line":29,"column":26},"end":{"line":29,"column":30}}]},"4":{"loc":{"start":{"line":39,"column":2},"end":{"line":39,"column":29}},"type":"if","locations":[{"start":{"line":39,"column":2},"end":{"line":39,"column":29}},{"start":{},"end":{}}]},"5":{"loc":{"start":{"line":49,"column":2},"end":{"line":49,"column":31}},"type":"if","locations":[{"start":{"line":49,"column":2},"end":{"line":49,"column":31}},{"start":{},"end":{}}]}},"s":{"0":2,"1":2,"2":2,"3":2,"4":2,"5":2,"6":2,"7":3,"8":4,"9":4,"10":1,"11":3,"12":2,"13":2,"14":2,"15":1,"16":1,"17":1,"18":3,"19":3,"20":1,"21":2},"f":{"0":3,"1":4,"2":2,"3":2,"4":1,"5":3},"b":{"0":[2],"1":[1,3],"2":[3,0],"3":[3,3],"4":[1,1],"5":[1,2]}}
,"C:\\Users\\joshu\\OneDrive\\Documentos\\TEC\\semestre 5\\Bases de Datos 2\\Tarea 01 - REST API\\src\\services\\restaurant.service.ts": {"path":"C:\\Users\\joshu\\OneDrive\\Documentos\\TEC\\semestre 5\\Bases de Datos 2\\Tarea 01 - REST API\\src\\services\\restaurant.service.ts","statementMap":{"0":{"start":{"line":5,"column":0},"end":{"line":5,"column":7}},"1":{"start":{"line":31,"column":0},"end":{"line":31,"column":7}},"2":{"start":{"line":1,"column":0},"end":{"line":1,"column":40}},"3":{"start":{"line":7,"column":20},"end":{"line":7,"column":68}},"4":{"start":{"line":9,"column":2},"end":{"line":11,"column":3}},"5":{"start":{"line":10,"column":4},"end":{"line":10,"column":44}},"6":{"start":{"line":13,"column":21},"end":{"line":16,"column":4}},"7":{"start":{"line":18,"column":2},"end":{"line":27,"column":4}},"8":{"start":{"line":32,"column":22},"end":{"line":32,"column":50}},"9":{"start":{"line":34,"column":2},"end":{"line":45,"column":6}},"10":{"start":{"line":34,"column":33},"end":{"line":45,"column":4}}},"fnMap":{"0":{"name":"createRestaurant","decl":{"start":{"line":5,"column":22},"end":{"line":5,"column":38}},"loc":{"start":{"line":5,"column":92},"end":{"line":28,"column":1}}},"1":{"name":"listRestaurants","decl":{"start":{"line":31,"column":22},"end":{"line":31,"column":37}},"loc":{"start":{"line":31,"column":37},"end":{"line":46,"column":1}}},"2":{"name":"(anonymous_2)","decl":{"start":{"line":34,"column":25},"end":{"line":34,"column":26}},"loc":{"start":{"line":34,"column":33},"end":{"line":45,"column":4}}}},"branchMap":{"0":{"loc":{"start":{"line":9,"column":2},"end":{"line":11,"column":3}},"type":"if","locations":[{"start":{"line":9,"column":2},"end":{"line":11,"column":3}},{"start":{},"end":{}}]}},"s":{"0":2,"1":2,"2":2,"3":5,"4":5,"5":1,"6":4,"7":4,"8":3,"9":3,"10":2},"f":{"0":5,"1":3,"2":2},"b":{"0":[1,4]}}
,"C:\\Users\\joshu\\OneDrive\\Documentos\\TEC\\semestre 5\\Bases de Datos 2\\Tarea 01 - REST API\\src\\services\\user.service.ts": {"path":"C:\\Users\\joshu\\OneDrive\\Documentos\\TEC\\semestre 5\\Bases de Datos 2\\Tarea 01 - REST API\\src\\services\\user.service.ts","statementMap":{"0":{"start":{"line":5,"column":0},"end":{"line":5,"column":7}},"1":{"start":{"line":24,"column":0},"end":{"line":24,"column":7}},"2":{"start":{"line":51,"column":0},"end":{"line":51,"column":7}},"3":{"start":{"line":1,"column":0},"end":{"line":1,"column":40}},"4":{"start":{"line":6,"column":15},"end":{"line":6,"column":62}},"5":{"start":{"line":8,"column":2},"end":{"line":10,"column":3}},"6":{"start":{"line":9,"column":4},"end":{"line":9,"column":38}},"7":{"start":{"line":12,"column":2},"end":{"line":20,"column":4}},"8":{"start":{"line":25,"column":19},"end":{"line":25,"column":50}},"9":{"start":{"line":27,"column":2},"end":{"line":29,"column":3}},"10":{"start":{"line":28,"column":4},"end":{"line":28,"column":38}},"11":{"start":{"line":32,"column":2},"end":{"line":34,"column":3}},"12":{"start":{"line":33,"column":4},"end":{"line":33,"column":71}},"13":{"start":{"line":36,"column":15},"end":{"line":36,"column":52}},"14":{"start":{"line":40,"column":2},"end":{"line":47,"column":4}},"15":{"start":{"line":52,"column":19},"end":{"line":52,"column":50}},"16":{"start":{"line":54,"column":2},"end":{"line":56,"column":3}},"17":{"start":{"line":55,"column":4},"end":{"line":55,"column":38}},"18":{"start":{"line":58,"column":2},"end":{"line":60,"column":3}},"19":{"start":{"line":59,"column":4},"end":{"line":59,"column":71}},"20":{"start":{"line":62,"column":2},"end":{"line":62,"column":37}}},"fnMap":{"0":{"name":"getUserByExternalId","decl":{"start":{"line":5,"column":22},"end":{"line":5,"column":41}},"loc":{"start":{"line":5,"column":64},"end":{"line":21,"column":1}}},"1":{"name":"updateUser","decl":{"start":{"line":24,"column":22},"end":{"line":24,"column":32}},"loc":{"start":{"line":24,"column":95},"end":{"line":48,"column":1}}},"2":{"name":"softDeleteUser","decl":{"start":{"line":51,"column":22},"end":{"line":51,"column":36}},"loc":{"start":{"line":51,"column":75},"end":{"line":63,"column":1}}}},"branchMap":{"0":{"loc":{"start":{"line":8,"column":2},"end":{"line":10,"column":3}},"type":"if","locations":[{"start":{"line":8,"column":2},"end":{"line":10,"column":3}},{"start":{},"end":{}}]},"1":{"loc":{"start":{"line":27,"column":2},"end":{"line":29,"column":3}},"type":"if","locations":[{"start":{"line":27,"column":2},"end":{"line":29,"column":3}},{"start":{},"end":{}}]},"2":{"loc":{"start":{"line":32,"column":2},"end":{"line":34,"column":3}},"type":"if","locations":[{"start":{"line":32,"column":2},"end":{"line":34,"column":3}},{"start":{},"end":{}}]},"3":{"loc":{"start":{"line":54,"column":2},"end":{"line":56,"column":3}},"type":"if","locations":[{"start":{"line":54,"column":2},"end":{"line":56,"column":3}},{"start":{},"end":{}}]},"4":{"loc":{"start":{"line":58,"column":2},"end":{"line":60,"column":3}},"type":"if","locations":[{"start":{"line":58,"column":2},"end":{"line":60,"column":3}},{"start":{},"end":{}}]}},"s":{"0":2,"1":2,"2":2,"3":2,"4":2,"5":2,"6":1,"7":1,"8":4,"9":4,"10":1,"11":3,"12":1,"13":2,"14":2,"15":3,"16":3,"17":1,"18":2,"19":1,"20":1},"f":{"0":2,"1":4,"2":3},"b":{"0":[1,1],"1":[1,3],"2":[1,2],"3":[1,2],"4":[1,1]}}
,"C:\\Users\\joshu\\OneDrive\\Documentos\\TEC\\semestre 5\\Bases de Datos 2\\Tarea 01 - REST API\\src\\utils\\response.ts": {"path":"C:\\Users\\joshu\\OneDrive\\Documentos\\TEC\\semestre 5\\Bases de Datos 2\\Tarea 01 - REST API\\src\\utils\\response.ts","statementMap":{"0":{"start":{"line":10,"column":0},"end":{"line":10,"column":16}},"1":{"start":{"line":19,"column":0},"end":{"line":19,"column":16}},"2":{"start":{"line":11,"column":31},"end":{"line":15,"column":4}},"3":{"start":{"line":16,"column":2},"end":{"line":16,"column":36}},"4":{"start":{"line":20,"column":34},"end":{"line":24,"column":4}},"5":{"start":{"line":25,"column":2},"end":{"line":25,"column":36}}},"fnMap":{"0":{"name":"sendSuccess","decl":{"start":{"line":10,"column":16},"end":{"line":10,"column":27}},"loc":{"start":{"line":10,"column":87},"end":{"line":17,"column":1}}},"1":{"name":"sendError","decl":{"start":{"line":19,"column":16},"end":{"line":19,"column":25}},"loc":{"start":{"line":19,"column":74},"end":{"line":26,"column":1}}}},"branchMap":{"0":{"loc":{"start":{"line":10,"column":55},"end":{"line":10,"column":69}},"type":"default-arg","locations":[{"start":{"line":10,"column":65},"end":{"line":10,"column":69}}]},"1":{"loc":{"start":{"line":10,"column":71},"end":{"line":10,"column":87}},"type":"default-arg","locations":[{"start":{"line":10,"column":84},"end":{"line":10,"column":87}}]},"2":{"loc":{"start":{"line":19,"column":58},"end":{"line":19,"column":74}},"type":"default-arg","locations":[{"start":{"line":19,"column":71},"end":{"line":19,"column":74}}]}},"s":{"0":7,"1":7,"2":3,"3":3,"4":3,"5":3},"f":{"0":3,"1":3},"b":{"0":[1],"1":[2],"2":[1]}}
}
