TN:
SF:src\controllers\auth.controller.ts
FN:5,register
FN:19,login
FNF:2
FNH:2
FNDA:4,register
FNDA:4,login
DA:2,1
DA:3,1
DA:5,1
DA:6,4
DA:7,4
DA:8,1
DA:11,3
DA:12,1
DA:13,1
DA:15,2
DA:19,1
DA:20,4
DA:21,4
DA:22,1
DA:25,3
DA:26,1
DA:27,1
DA:29,2
LF:18
LH:18
BRDA:11,0,0,1
BRDA:11,0,1,2
BRDA:15,1,0,2
BRDA:15,1,1,1
BRDA:25,2,0,1
BRDA:25,2,1,2
BRDA:29,3,0,2
BRDA:29,3,1,1
BRF:8
BRH:8
end_of_record
TN:
SF:src\controllers\menu.controller.ts
FN:18,createMenu
FN:27,getMenuById
FN:40,getMenusByRestaurant
FN:49,updateMenu
FN:62,deleteMenu
FN:73,createMenuItem
FN:82,getMenuItems
FN:91,updateMenuItem
FN:104,deleteMenuItem
FNF:9
FNH:9
FNDA:2,createMenu
FNDA:3,getMenuById
FNDA:2,getMenusByRestaurant
FNDA:3,updateMenu
FNDA:2,deleteMenu
FNDA:2,createMenuItem
FNDA:2,getMenuItems
FNDA:3,updateMenuItem
FNDA:2,deleteMenuItem
DA:3,1
DA:14,1
DA:18,1
DA:19,2
DA:20,2
DA:21,1
DA:23,1
DA:27,1
DA:28,3
DA:29,3
DA:30,2
DA:31,1
DA:32,1
DA:34,1
DA:36,1
DA:40,1
DA:41,2
DA:42,2
DA:43,1
DA:45,1
DA:49,1
DA:50,3
DA:51,3
DA:52,2
DA:53,1
DA:54,1
DA:56,1
DA:58,1
DA:62,1
DA:63,2
DA:64,2
DA:65,1
DA:67,1
DA:73,1
DA:74,2
DA:75,2
DA:76,1
DA:78,1
DA:82,1
DA:83,2
DA:84,2
DA:85,1
DA:87,1
DA:91,1
DA:92,3
DA:93,3
DA:94,2
DA:95,1
DA:96,1
DA:98,1
DA:100,1
DA:104,1
DA:105,2
DA:106,2
DA:107,1
DA:109,1
LF:56
LH:56
BRDA:30,0,0,1
BRDA:30,0,1,1
BRDA:52,1,0,1
BRDA:52,1,1,1
BRDA:94,2,0,1
BRDA:94,2,1,1
BRF:6
BRH:6
end_of_record
TN:
SF:src\controllers\order.controller.ts
FN:12,createOrder
FN:27,getOrderById
FN:43,getMyOrders
FN:55,addItemToOrder
FN:75,updateOrderStatus
FNF:5
FNH:5
FNDA:2,createOrder
FNDA:3,getOrderById
FNDA:2,getMyOrders
FNDA:4,addItemToOrder
FNDA:3,updateOrderStatus
DA:3,1
DA:10,1
DA:12,1
DA:16,2
DA:17,2
DA:21,1
DA:23,1
DA:27,1
DA:31,3
DA:32,3
DA:33,2
DA:34,1
DA:35,1
DA:37,1
DA:39,1
DA:43,1
DA:47,2
DA:48,2
DA:49,1
DA:51,1
DA:55,1
DA:59,4
DA:60,4
DA:61,1
DA:63,3
DA:64,1
DA:65,1
DA:67,2
DA:68,1
DA:69,1
DA:71,1
DA:75,1
DA:79,3
DA:80,3
DA:84,2
DA:85,1
DA:86,1
DA:88,1
DA:90,1
LF:39
LH:39
BRDA:33,0,0,1
BRDA:33,0,1,1
BRDA:63,1,0,1
BRDA:63,1,1,2
BRDA:67,2,0,1
BRDA:67,2,1,1
BRDA:84,3,0,1
BRDA:84,3,1,1
BRF:8
BRH:8
end_of_record
TN:
SF:src\controllers\reservation.controller.ts
FN:13,getAvailableTables
FN:38,createReservation
FN:57,getReservationById
FN:73,getMyReservations
FN:85,getReservationsByRestaurant
FN:99,cancelReservation
FNF:6
FNH:6
FNDA:5,getAvailableTables
FNDA:3,createReservation
FNDA:3,getReservationById
FNDA:2,getMyReservations
FNDA:2,getReservationsByRestaurant
FNDA:3,cancelReservation
DA:3,1
DA:11,1
DA:13,1
DA:17,5
DA:18,5
DA:19,5
DA:20,2
DA:25,2
DA:27,3
DA:32,2
DA:34,1
DA:38,1
DA:42,3
DA:43,3
DA:47,1
DA:49,2
DA:50,1
DA:51,1
DA:53,1
DA:57,1
DA:61,3
DA:62,3
DA:63,2
DA:64,1
DA:65,1
DA:67,1
DA:69,1
DA:73,1
DA:77,2
DA:78,2
DA:79,1
DA:81,1
DA:85,1
DA:89,2
DA:90,2
DA:93,1
DA:95,1
DA:99,1
DA:103,3
DA:104,3
DA:108,2
DA:109,1
DA:110,1
DA:112,1
DA:114,1
LF:45
LH:45
BRDA:19,0,0,2
BRDA:19,0,1,3
BRDA:19,1,0,5
BRDA:19,1,1,4
BRDA:30,2,0,1
BRDA:30,2,1,2
BRDA:49,3,0,1
BRDA:49,3,1,1
BRDA:63,4,0,1
BRDA:63,4,1,1
BRDA:108,5,0,1
BRDA:108,5,1,1
BRF:12
BRH:12
end_of_record
TN:
SF:src\controllers\restaurant.controller.ts
FN:6,create
FN:15,list
FNF:2
FNH:2
FNDA:2,create
FNDA:3,list
DA:3,1
DA:4,1
DA:6,1
DA:7,2
DA:8,2
DA:9,1
DA:11,1
DA:15,1
DA:16,3
DA:17,3
DA:18,2
DA:20,1
LF:12
LH:12
BRF:0
BRH:0
end_of_record
TN:
SF:src\controllers\user.controller.ts
FN:6,getMe
FN:15,update
FN:25,remove
FNF:3
FNH:3
FNDA:2,getMe
FNDA:3,update
FNDA:3,remove
DA:3,1
DA:4,1
DA:6,1
DA:7,2
DA:8,2
DA:9,1
DA:11,1
DA:15,1
DA:16,3
DA:17,3
DA:18,1
DA:20,2
DA:21,2
DA:25,1
DA:26,3
DA:27,3
DA:28,1
DA:30,2
DA:31,2
LF:19
LH:19
BRDA:20,0,0,1
BRDA:20,0,1,1
BRDA:30,1,0,1
BRDA:30,1,1,1
BRF:4
BRH:4
end_of_record
TN:
SF:src\dao\DaoFactory.ts
FN:31,(anonymous_0)
FN:39,(anonymous_1)
FNF:2
FNH:1
FNDA:12,(anonymous_0)
FNDA:0,(anonymous_1)
DA:1,12
DA:8,12
DA:9,12
DA:10,12
DA:11,12
DA:12,12
DA:13,12
DA:30,12
DA:31,12
DA:41,0
DA:47,12
LF:11
LH:10
BRF:0
BRH:0
end_of_record
TN:
SF:src\dao\postgres\PostgresMenuDao.ts
FN:8,mapMenu
FN:21,(anonymous_2)
FN:29,(anonymous_3)
FN:35,(anonymous_4)
FN:43,(anonymous_5)
FN:52,(anonymous_6)
FNF:6
FNH:6
FNDA:6,mapMenu
FNDA:2,(anonymous_2)
FNDA:2,(anonymous_3)
FNDA:2,(anonymous_4)
FNDA:2,(anonymous_5)
FNDA:1,(anonymous_6)
DA:1,12
DA:9,6
DA:20,12
DA:22,2
DA:26,2
DA:30,2
DA:31,2
DA:32,1
DA:36,2
DA:40,2
DA:44,2
DA:48,2
DA:49,1
DA:53,1
LF:14
LH:14
BRDA:24,0,0,2
BRDA:24,0,1,0
BRDA:31,1,0,1
BRDA:31,1,1,1
BRDA:46,2,0,2
BRDA:46,2,1,1
BRDA:46,3,0,2
BRDA:46,3,1,2
BRDA:46,4,0,2
BRDA:46,4,1,2
BRDA:48,5,0,1
BRDA:48,5,1,1
BRF:12
BRH:11
end_of_record
TN:
SF:src\dao\postgres\PostgresMenuItemDao.ts
FN:11,mapMenuItem
FN:28,(anonymous_2)
FN:44,(anonymous_3)
FN:49,(anonymous_4)
FN:69,(anonymous_5)
FNF:5
FNH:5
FNDA:4,mapMenuItem
FNDA:2,(anonymous_2)
FNDA:1,(anonymous_3)
FNDA:2,(anonymous_4)
FNDA:1,(anonymous_5)
DA:1,12
DA:12,4
DA:27,12
DA:29,2
DA:41,2
DA:45,1
DA:46,1
DA:53,2
DA:65,2
DA:66,1
DA:70,1
LF:11
LH:11
BRDA:36,0,0,2
BRDA:36,0,1,2
BRDA:37,1,0,2
BRDA:37,1,1,0
BRDA:38,2,0,2
BRDA:38,2,1,0
BRDA:57,3,0,2
BRDA:57,3,1,2
BRDA:58,4,0,2
BRDA:58,4,1,2
BRDA:59,5,0,2
BRDA:59,5,1,1
BRDA:60,6,0,2
BRDA:60,6,1,2
BRDA:61,7,0,2
BRDA:61,7,1,2
BRDA:62,8,0,2
BRDA:62,8,1,2
BRDA:65,9,0,1
BRDA:65,9,1,1
BRF:20
BRH:18
end_of_record
TN:
SF:src\dao\postgres\PostgresOrderDao.ts
FN:12,mapOrder
FN:29,mapOrderSummary
FN:41,(anonymous_3)
FN:86,(anonymous_4)
FN:92,(anonymous_5)
FN:100,(anonymous_6)
FN:125,(anonymous_7)
FNF:7
FNH:7
FNDA:7,mapOrder
FNDA:1,mapOrderSummary
FNDA:3,(anonymous_3)
FNDA:7,(anonymous_4)
FNDA:1,(anonymous_5)
FNDA:2,(anonymous_6)
FNDA:2,(anonymous_7)
DA:1,12
DA:13,7
DA:30,1
DA:40,12
DA:44,3
DA:45,3
DA:46,3
DA:48,3
DA:58,3
DA:60,3
DA:61,3
DA:69,2
DA:71,2
DA:76,2
DA:77,2
DA:79,1
DA:80,1
DA:82,3
DA:87,7
DA:88,7
DA:89,5
DA:93,1
DA:97,1
DA:102,2
DA:103,2
DA:104,2
DA:106,2
DA:111,1
DA:113,1
DA:116,1
DA:118,1
DA:119,1
DA:121,2
DA:129,2
DA:133,2
DA:134,1
DA:135,1
LF:37
LH:37
BRDA:24,0,0,7
BRDA:24,0,1,0
BRDA:53,1,0,3
BRDA:53,1,1,3
BRDA:54,2,0,3
BRDA:54,2,1,0
BRDA:55,3,0,3
BRDA:55,3,1,3
BRDA:65,4,0,3
BRDA:65,4,1,3
BRDA:88,5,0,2
BRDA:88,5,1,5
BRDA:108,6,0,2
BRDA:108,6,1,2
BRDA:133,7,0,1
BRDA:133,7,1,1
BRF:16
BRH:14
end_of_record
TN:
SF:src\dao\postgres\PostgresReservationDao.ts
FN:9,mapReservation
FN:25,mapTable
FN:36,(anonymous_3)
FN:48,(anonymous_4)
FN:64,(anonymous_5)
FN:73,(anonymous_6)
FN:81,(anonymous_7)
FN:89,(anonymous_8)
FNF:8
FNH:8
FNDA:7,mapReservation
FNDA:1,mapTable
FNDA:3,(anonymous_3)
FNDA:3,(anonymous_4)
FNDA:2,(anonymous_5)
FNDA:1,(anonymous_6)
FNDA:1,(anonymous_7)
FNDA:2,(anonymous_8)
DA:1,12
DA:10,7
DA:26,1
DA:35,12
DA:41,3
DA:45,3
DA:49,3
DA:61,3
DA:65,2
DA:69,2
DA:70,1
DA:74,1
DA:78,1
DA:82,1
DA:86,1
DA:93,2
DA:97,2
DA:98,1
LF:18
LH:18
BRDA:39,0,0,0
BRDA:57,1,0,3
BRDA:57,1,1,0
BRDA:58,2,0,3
BRDA:58,2,1,3
BRDA:69,3,0,1
BRDA:69,3,1,1
BRDA:97,4,0,1
BRDA:97,4,1,1
BRF:9
BRH:7
end_of_record
TN:
SF:src\dao\postgres\PostgresRestaurantDao.ts
FN:9,mapRestaurant
FN:24,mapRestaurantWithAdmin
FN:43,(anonymous_3)
FN:58,(anonymous_4)
FNF:4
FNH:4
FNDA:4,mapRestaurant
FNDA:2,mapRestaurantWithAdmin
FNDA:4,(anonymous_3)
FNDA:3,(anonymous_4)
DA:1,12
DA:10,4
DA:25,2
DA:42,12
DA:44,4
DA:55,4
DA:59,3
DA:60,3
LF:8
LH:8
BRDA:48,0,0,4
BRDA:48,0,1,2
BRDA:50,1,0,4
BRDA:50,1,1,2
BRDA:51,2,0,4
BRDA:51,2,1,2
BRF:6
BRH:6
end_of_record
TN:
SF:src\dao\postgres\PostgresUserDao.ts
FN:11,mapUser
FN:25,(anonymous_2)
FN:33,(anonymous_3)
FN:42,(anonymous_4)
FN:48,(anonymous_5)
FN:57,(anonymous_6)
FNF:6
FNH:6
FNDA:25,mapUser
FNDA:4,(anonymous_2)
FNDA:22,(anonymous_3)
FNDA:7,(anonymous_4)
FNDA:2,(anonymous_5)
FNDA:1,(anonymous_6)
DA:1,12
DA:12,25
DA:24,12
DA:26,4
DA:30,3
DA:34,22
DA:38,22
DA:39,15
DA:43,7
DA:44,7
DA:45,5
DA:49,2
DA:53,2
DA:54,2
DA:58,1
LF:15
LH:15
BRDA:28,0,0,4
BRDA:28,0,1,1
BRDA:38,1,0,7
BRDA:38,1,1,15
BRDA:44,2,0,2
BRDA:44,2,1,5
BRDA:51,3,0,2
BRDA:51,3,1,1
BRDA:51,4,0,2
BRDA:51,4,1,2
BRDA:53,5,0,0
BRDA:53,5,1,2
BRF:12
BRH:11
end_of_record
TN:
SF:src\services\auth.service.ts
FN:7,getAdminToken
FN:22,registerUser
FN:97,loginUser
FNF:3
FNH:3
FNDA:5,getAdminToken
FNDA:5,registerUser
FNDA:3,loginUser
DA:1,2
DA:2,2
DA:3,2
DA:8,5
DA:14,5
DA:18,5
DA:22,2
DA:23,5
DA:26,5
DA:48,4
DA:49,4
DA:52,4
DA:58,4
DA:61,4
DA:71,4
DA:72,4
DA:80,3
DA:88,1
DA:92,1
DA:97,2
DA:98,3
DA:106,3
DA:110,2
LF:23
LH:23
BRDA:32,0,0,5
BRDA:32,0,1,0
BRDA:77,1,0,4
BRDA:77,1,1,1
BRF:4
BRH:3
end_of_record
TN:
SF:src\services\menu.service.ts
FN:11,createMenuService
FN:15,getMenuByIdService
FN:19,getMenusByRestaurantService
FN:23,updateMenuService
FN:27,deleteMenuService
FN:33,createMenuItemService
FN:37,getMenuItemsService
FN:41,updateMenuItemService
FN:45,deleteMenuItemService
FNF:9
FNH:9
FNDA:2,createMenuService
FNDA:2,getMenuByIdService
FNDA:2,getMenusByRestaurantService
FNDA:2,updateMenuService
FNDA:1,deleteMenuService
FNDA:2,createMenuItemService
FNDA:1,getMenuItemsService
FNDA:2,updateMenuItemService
FNDA:1,deleteMenuItemService
DA:1,2
DA:11,2
DA:12,2
DA:15,2
DA:16,2
DA:19,2
DA:20,2
DA:23,2
DA:24,2
DA:27,2
DA:28,1
DA:33,2
DA:34,2
DA:37,2
DA:38,1
DA:41,2
DA:42,2
DA:45,2
DA:46,1
LF:19
LH:19
BRF:0
BRH:0
end_of_record
TN:
SF:src\services\order.service.ts
FN:16,createOrderService
FN:34,getOrderByIdService
FN:38,getOrdersByClientService
FN:44,addItemToOrderService
FN:59,updateOrderStatusService
FNF:5
FNH:5
FNDA:4,createOrderService
FNDA:3,getOrderByIdService
FNDA:2,getOrdersByClientService
FNDA:4,addItemToOrderService
FNDA:2,updateOrderStatusService
DA:1,2
DA:16,2
DA:19,4
DA:20,4
DA:21,1
DA:24,3
DA:34,2
DA:35,3
DA:38,2
DA:39,2
DA:40,2
DA:41,1
DA:44,2
DA:48,4
DA:49,4
DA:50,1
DA:52,3
DA:53,1
DA:56,2
DA:59,2
DA:63,2
LF:21
LH:21
BRDA:20,0,0,1
BRDA:20,0,1,3
BRDA:27,1,0,3
BRDA:27,1,1,3
BRDA:28,2,0,3
BRDA:28,2,1,0
BRDA:29,3,0,3
BRDA:29,3,1,3
BRDA:40,4,0,1
BRDA:40,4,1,1
BRDA:49,5,0,1
BRDA:49,5,1,3
BRDA:52,6,0,1
BRDA:52,6,1,2
BRF:14
BRH:13
end_of_record
TN:
SF:src\services\reservation.service.ts
FN:5,getAvailableTablesService
FN:13,createReservationService
FN:33,getReservationByIdService
FN:37,getReservationsByClientService
FN:43,getReservationsByRestaurantService
FN:47,cancelReservationService
FNF:6
FNH:6
FNDA:3,getAvailableTablesService
FNDA:4,createReservationService
FNDA:2,getReservationByIdService
FNDA:2,getReservationsByClientService
FNDA:1,getReservationsByRestaurantService
FNDA:3,cancelReservationService
DA:1,2
DA:5,2
DA:10,3
DA:13,2
DA:17,4
DA:18,4
DA:19,1
DA:22,3
DA:33,2
DA:34,2
DA:37,2
DA:38,2
DA:39,2
DA:40,1
DA:43,2
DA:44,1
DA:47,2
DA:48,3
DA:49,3
DA:50,2
LF:20
LH:20
BRDA:8,0,0,2
BRDA:18,1,0,1
BRDA:18,1,1,3
BRDA:28,2,0,3
BRDA:28,2,1,0
BRDA:29,3,0,3
BRDA:29,3,1,3
BRDA:39,4,0,1
BRDA:39,4,1,1
BRDA:49,5,0,1
BRDA:49,5,1,2
BRF:11
BRH:10
end_of_record
TN:
SF:src\services\restaurant.service.ts
FN:5,createRestaurant
FN:31,listRestaurants
FN:34,(anonymous_2)
FNF:3
FNH:3
FNDA:5,createRestaurant
FNDA:3,listRestaurants
FNDA:2,(anonymous_2)
DA:1,2
DA:5,2
DA:7,5
DA:9,5
DA:10,1
DA:13,4
DA:18,4
DA:31,2
DA:32,3
DA:34,3
LF:10
LH:10
BRDA:9,0,0,1
BRDA:9,0,1,4
BRF:2
BRH:2
end_of_record
TN:
SF:src\services\user.service.ts
FN:5,getUserByExternalId
FN:24,updateUser
FN:51,softDeleteUser
FNF:3
FNH:3
FNDA:2,getUserByExternalId
FNDA:4,updateUser
FNDA:3,softDeleteUser
DA:1,2
DA:5,2
DA:6,2
DA:8,2
DA:9,1
DA:12,1
DA:24,2
DA:25,4
DA:27,4
DA:28,1
DA:32,3
DA:33,1
DA:36,2
DA:40,2
DA:51,2
DA:52,3
DA:54,3
DA:55,1
DA:58,2
DA:59,1
DA:62,1
LF:21
LH:21
BRDA:8,0,0,1
BRDA:8,0,1,1
BRDA:27,1,0,1
BRDA:27,1,1,3
BRDA:32,2,0,1
BRDA:32,2,1,2
BRDA:54,3,0,1
BRDA:54,3,1,2
BRDA:58,4,0,1
BRDA:58,4,1,1
BRF:10
BRH:10
end_of_record
TN:
SF:src\utils\response.ts
FN:10,sendSuccess
FN:19,sendError
FNF:2
FNH:2
FNDA:3,sendSuccess
FNDA:3,sendError
DA:10,7
DA:11,3
DA:16,3
DA:19,7
DA:20,3
DA:25,3
LF:6
LH:6
BRDA:10,0,0,1
BRDA:10,1,0,2
BRDA:19,2,0,1
BRF:3
BRH:3
end_of_record
