TN:
SF:src\controllers\auth.controller.ts
FN:5,register
FN:19,login
FNF:2
FNH:2
FNDA:4,register
FNDA:4,login
DA:2,1
DA:3,1
DA:5,1
DA:6,4
DA:7,4
DA:8,1
DA:11,3
DA:12,1
DA:13,1
DA:15,2
DA:19,1
DA:20,4
DA:21,4
DA:22,1
DA:25,3
DA:26,1
DA:27,1
DA:29,2
LF:18
LH:18
BRDA:11,0,0,1
BRDA:11,0,1,2
BRDA:15,1,0,2
BRDA:15,1,1,1
BRDA:25,2,0,1
BRDA:25,2,1,2
BRDA:29,3,0,2
BRDA:29,3,1,1
BRF:8
BRH:8
end_of_record
TN:
SF:src\controllers\menu.controller.ts
FN:18,createMenu
FN:27,getMenuById
FN:40,getMenusByRestaurant
FN:49,updateMenu
FN:62,deleteMenu
FN:73,createMenuItem
FN:82,getMenuItems
FN:91,updateMenuItem
FN:104,deleteMenuItem
FNF:9
FNH:9
FNDA:2,createMenu
FNDA:3,getMenuById
FNDA:2,getMenusByRestaurant
FNDA:3,updateMenu
FNDA:2,deleteMenu
FNDA:2,createMenuItem
FNDA:2,getMenuItems
FNDA:3,updateMenuItem
FNDA:2,deleteMenuItem
DA:3,1
DA:14,1
DA:18,1
DA:19,2
DA:20,2
DA:21,1
DA:23,1
DA:27,1
DA:28,3
DA:29,3
DA:30,2
DA:31,1
DA:32,1
DA:34,1
DA:36,1
DA:40,1
DA:41,2
DA:42,2
DA:43,1
DA:45,1
DA:49,1
DA:50,3
DA:51,3
DA:52,2
DA:53,1
DA:54,1
DA:56,1
DA:58,1
DA:62,1
DA:63,2
DA:64,2
DA:65,1
DA:67,1
DA:73,1
DA:74,2
DA:75,2
DA:76,1
DA:78,1
DA:82,1
DA:83,2
DA:84,2
DA:85,1
DA:87,1
DA:91,1
DA:92,3
DA:93,3
DA:94,2
DA:95,1
DA:96,1
DA:98,1
DA:100,1
DA:104,1
DA:105,2
DA:106,2
DA:107,1
DA:109,1
LF:56
LH:56
BRDA:30,0,0,1
BRDA:30,0,1,1
BRDA:52,1,0,1
BRDA:52,1,1,1
BRDA:94,2,0,1
BRDA:94,2,1,1
BRF:6
BRH:6
end_of_record
TN:
SF:src\controllers\order.controller.ts
FN:12,createOrder
FN:27,getOrderById
FN:43,getMyOrders
FN:55,addItemToOrder
FN:75,updateOrderStatus
FNF:5
FNH:5
FNDA:2,createOrder
FNDA:3,getOrderById
FNDA:2,getMyOrders
FNDA:4,addItemToOrder
FNDA:3,updateOrderStatus
DA:3,1
DA:10,1
DA:12,1
DA:16,2
DA:17,2
DA:21,1
DA:23,1
DA:27,1
DA:31,3
DA:32,3
DA:33,2
DA:34,1
DA:35,1
DA:37,1
DA:39,1
DA:43,1
DA:47,2
DA:48,2
DA:49,1
DA:51,1
DA:55,1
DA:59,4
DA:60,4
DA:61,1
DA:63,3
DA:64,1
DA:65,1
DA:67,2
DA:68,1
DA:69,1
DA:71,1
DA:75,1
DA:79,3
DA:80,3
DA:84,2
DA:85,1
DA:86,1
DA:88,1
DA:90,1
LF:39
LH:39
BRDA:33,0,0,1
BRDA:33,0,1,1
BRDA:63,1,0,1
BRDA:63,1,1,2
BRDA:67,2,0,1
BRDA:67,2,1,1
BRDA:84,3,0,1
BRDA:84,3,1,1
BRF:8
BRH:8
end_of_record
TN:
SF:src\controllers\reservation.controller.ts
FN:13,getAvailableTables
FN:38,createReservation
FN:57,getReservationById
FN:73,getMyReservations
FN:85,getReservationsByRestaurant
FN:99,cancelReservation
FNF:6
FNH:6
FNDA:5,getAvailableTables
FNDA:3,createReservation
FNDA:3,getReservationById
FNDA:2,getMyReservations
FNDA:2,getReservationsByRestaurant
FNDA:3,cancelReservation
DA:3,1
DA:11,1
DA:13,1
DA:17,5
DA:18,5
DA:19,5
DA:20,2
DA:25,2
DA:27,3
DA:32,2
DA:34,1
DA:38,1
DA:42,3
DA:43,3
DA:47,1
DA:49,2
DA:50,1
DA:51,1
DA:53,1
DA:57,1
DA:61,3
DA:62,3
DA:63,2
DA:64,1
DA:65,1
DA:67,1
DA:69,1
DA:73,1
DA:77,2
DA:78,2
DA:79,1
DA:81,1
DA:85,1
DA:89,2
DA:90,2
DA:93,1
DA:95,1
DA:99,1
DA:103,3
DA:104,3
DA:108,2
DA:109,1
DA:110,1
DA:112,1
DA:114,1
LF:45
LH:45
BRDA:19,0,0,2
BRDA:19,0,1,3
BRDA:19,1,0,5
BRDA:19,1,1,4
BRDA:30,2,0,1
BRDA:30,2,1,2
BRDA:49,3,0,1
BRDA:49,3,1,1
BRDA:63,4,0,1
BRDA:63,4,1,1
BRDA:108,5,0,1
BRDA:108,5,1,1
BRF:12
BRH:12
end_of_record
TN:
SF:src\controllers\restaurant.controller.ts
FN:6,create
FN:15,list
FNF:2
FNH:2
FNDA:2,create
FNDA:3,list
DA:3,1
DA:4,1
DA:6,1
DA:7,2
DA:8,2
DA:9,1
DA:11,1
DA:15,1
DA:16,3
DA:17,3
DA:18,2
DA:20,1
LF:12
LH:12
BRF:0
BRH:0
end_of_record
TN:
SF:src\controllers\user.controller.ts
FN:6,getMe
FN:15,update
FN:25,remove
FNF:3
FNH:3
FNDA:2,getMe
FNDA:3,update
FNDA:3,remove
DA:3,1
DA:4,1
DA:6,1
DA:7,2
DA:8,2
DA:9,1
DA:11,1
DA:15,1
DA:16,3
DA:17,3
DA:18,1
DA:20,2
DA:21,2
DA:25,1
DA:26,3
DA:27,3
DA:28,1
DA:30,2
DA:31,2
LF:19
LH:19
BRDA:20,0,0,1
BRDA:20,0,1,1
BRDA:30,1,0,1
BRDA:30,1,1,1
BRF:4
BRH:4
end_of_record
TN:
SF:src\services\auth.service.ts
FN:7,getAdminToken
FN:22,registerUser
FN:96,loginUser
FNF:3
FNH:3
FNDA:5,getAdminToken
FNDA:5,registerUser
FNDA:3,loginUser
DA:1,2
DA:2,2
DA:3,2
DA:8,5
DA:14,5
DA:18,5
DA:22,2
DA:23,5
DA:26,5
DA:48,4
DA:49,4
DA:52,4
DA:58,4
DA:61,4
DA:71,4
DA:72,4
DA:77,3
DA:78,3
DA:87,1
DA:91,1
DA:96,2
DA:97,3
DA:105,3
DA:109,2
LF:24
LH:24
BRDA:32,0,0,5
BRDA:32,0,1,0
BRDA:74,1,0,4
BRDA:74,1,1,1
BRF:4
BRH:3
end_of_record
TN:
SF:src\services\menu.service.ts
FN:6,mapMenu
FN:18,mapMenuItem
FN:34,createMenuService
FN:42,getMenuByIdService
FN:48,getMenusByRestaurantService
FN:53,updateMenuService
FN:62,deleteMenuService
FN:68,createMenuItemService
FN:76,getMenuItemsService
FN:81,updateMenuItemService
FN:90,deleteMenuItemService
FNF:11
FNH:11
FNDA:6,mapMenu
FNDA:4,mapMenuItem
FNDA:2,createMenuService
FNDA:2,getMenuByIdService
FNDA:2,getMenusByRestaurantService
FNDA:2,updateMenuService
FNDA:1,deleteMenuService
FNDA:2,createMenuItemService
FNDA:1,getMenuItemsService
FNDA:2,updateMenuItemService
FNDA:1,deleteMenuItemService
DA:1,2
DA:7,6
DA:19,4
DA:34,2
DA:35,2
DA:39,2
DA:42,2
DA:43,2
DA:44,2
DA:45,1
DA:48,2
DA:49,2
DA:50,2
DA:53,2
DA:54,2
DA:58,2
DA:59,1
DA:62,2
DA:63,1
DA:68,2
DA:69,2
DA:73,2
DA:76,2
DA:77,1
DA:78,1
DA:81,2
DA:82,2
DA:86,2
DA:87,1
DA:90,2
DA:91,1
LF:31
LH:31
BRDA:37,0,0,2
BRDA:37,0,1,0
BRDA:44,1,0,1
BRDA:44,1,1,1
BRDA:56,2,0,2
BRDA:56,2,1,1
BRDA:56,3,0,2
BRDA:56,3,1,2
BRDA:56,4,0,2
BRDA:56,4,1,2
BRDA:58,5,0,1
BRDA:58,5,1,1
BRDA:71,6,0,2
BRDA:71,6,1,2
BRDA:71,7,0,2
BRDA:71,7,1,0
BRDA:84,8,0,2
BRDA:84,8,1,2
BRDA:84,9,0,2
BRDA:84,9,1,2
BRDA:84,10,0,2
BRDA:84,10,1,1
BRDA:84,11,0,2
BRDA:84,11,1,2
BRDA:84,12,0,2
BRDA:84,12,1,2
BRDA:86,13,0,1
BRDA:86,13,1,1
BRF:28
BRH:26
end_of_record
TN:
SF:src\services\order.service.ts
FN:17,mapOrder
FN:34,createOrderService
FN:89,getOrderByIdService
FN:95,getOrdersByClientService
FN:104,(anonymous_5)
FN:114,addItemToOrderService
FN:149,updateOrderStatusService
FNF:7
FNH:7
FNDA:4,mapOrder
FNDA:4,createOrderService
FNDA:3,getOrderByIdService
FNDA:2,getOrdersByClientService
FNDA:1,(anonymous_5)
FNDA:4,addItemToOrderService
FNDA:2,updateOrderStatusService
DA:1,2
DA:18,4
DA:34,2
DA:38,4
DA:42,4
DA:43,1
DA:45,3
DA:47,3
DA:48,3
DA:49,3
DA:51,3
DA:61,3
DA:63,3
DA:64,3
DA:72,2
DA:74,2
DA:79,2
DA:80,2
DA:82,1
DA:83,1
DA:85,3
DA:89,2
DA:90,3
DA:91,3
DA:92,2
DA:95,2
DA:96,2
DA:100,2
DA:101,1
DA:104,1
DA:114,2
DA:118,4
DA:121,4
DA:122,1
DA:124,3
DA:125,1
DA:128,2
DA:129,2
DA:130,2
DA:132,2
DA:137,1
DA:139,1
DA:140,1
DA:142,1
DA:143,1
DA:145,2
DA:149,2
DA:153,2
DA:157,2
DA:158,1
DA:159,1
LF:51
LH:51
BRDA:29,0,0,4
BRDA:29,0,1,0
BRDA:42,1,0,1
BRDA:42,1,1,3
BRDA:56,2,0,3
BRDA:56,2,1,3
BRDA:57,3,0,3
BRDA:57,3,1,0
BRDA:58,4,0,3
BRDA:58,4,1,3
BRDA:68,5,0,3
BRDA:68,5,1,3
BRDA:91,6,0,1
BRDA:91,6,1,2
BRDA:100,7,0,1
BRDA:100,7,1,1
BRDA:121,8,0,1
BRDA:121,8,1,3
BRDA:124,9,0,1
BRDA:124,9,1,2
BRDA:134,10,0,2
BRDA:134,10,1,2
BRDA:157,11,0,1
BRDA:157,11,1,1
BRF:24
BRH:22
end_of_record
TN:
SF:src\services\reservation.service.ts
FN:5,mapReservation
FN:21,mapTable
FN:32,getAvailableTablesService
FN:44,createReservationService
FN:72,getReservationByIdService
FN:81,getReservationsByClientService
FN:95,getReservationsByRestaurantService
FN:103,cancelReservationService
FNF:8
FNH:8
FNDA:7,mapReservation
FNDA:1,mapTable
FNDA:3,getAvailableTablesService
FNDA:4,createReservationService
FNDA:2,getReservationByIdService
FNDA:2,getReservationsByClientService
FNDA:1,getReservationsByRestaurantService
FNDA:3,cancelReservationService
DA:1,2
DA:6,7
DA:22,1
DA:32,2
DA:37,3
DA:41,3
DA:44,2
DA:48,4
DA:52,4
DA:53,1
DA:55,3
DA:57,3
DA:69,3
DA:72,2
DA:73,2
DA:77,2
DA:78,1
DA:81,2
DA:83,2
DA:87,2
DA:88,1
DA:92,1
DA:95,2
DA:96,1
DA:100,1
DA:103,2
DA:105,3
DA:109,3
DA:110,2
DA:114,2
DA:115,1
LF:31
LH:31
BRDA:35,0,0,2
BRDA:52,1,0,1
BRDA:52,1,1,3
BRDA:65,2,0,3
BRDA:65,2,1,0
BRDA:66,3,0,3
BRDA:66,3,1,3
BRDA:77,4,0,1
BRDA:77,4,1,1
BRDA:87,5,0,1
BRDA:87,5,1,1
BRDA:109,6,0,1
BRDA:109,6,1,2
BRDA:114,7,0,1
BRDA:114,7,1,1
BRF:15
BRH:14
end_of_record
TN:
SF:src\services\restaurant.service.ts
FN:5,createRestaurant
FN:44,listRestaurants
FN:47,(anonymous_3)
FNF:3
FNH:3
FNDA:5,createRestaurant
FNDA:3,listRestaurants
FNDA:2,(anonymous_3)
DA:1,2
DA:5,2
DA:7,5
DA:12,5
DA:13,1
DA:16,4
DA:18,4
DA:30,4
DA:31,4
DA:44,2
DA:45,3
DA:47,3
LF:12
LH:12
BRDA:12,0,0,1
BRDA:12,0,1,4
BRDA:22,1,0,4
BRDA:22,1,1,2
BRDA:24,2,0,4
BRDA:24,2,1,2
BRDA:25,3,0,4
BRDA:25,3,1,2
BRF:8
BRH:8
end_of_record
TN:
SF:src\services\user.service.ts
FN:5,getUserByExternalId
FN:28,updateUser
FN:61,softDeleteUser
FNF:3
FNH:3
FNDA:2,getUserByExternalId
FNDA:4,updateUser
FNDA:3,softDeleteUser
DA:1,2
DA:5,2
DA:6,2
DA:11,2
DA:12,1
DA:15,1
DA:16,1
DA:28,2
DA:30,4
DA:35,4
DA:36,1
DA:40,3
DA:41,1
DA:44,2
DA:49,2
DA:50,2
DA:61,2
DA:62,3
DA:67,3
DA:68,1
DA:72,2
DA:73,1
DA:76,1
LF:23
LH:23
BRDA:11,0,0,1
BRDA:11,0,1,1
BRDA:35,1,0,1
BRDA:35,1,1,3
BRDA:40,2,0,1
BRDA:40,2,1,2
BRDA:46,3,0,2
BRDA:46,3,1,1
BRDA:46,4,0,2
BRDA:46,4,1,2
BRDA:67,5,0,1
BRDA:67,5,1,2
BRDA:72,6,0,1
BRDA:72,6,1,1
BRF:14
BRH:14
end_of_record
TN:
SF:src\utils\response.ts
FN:10,sendSuccess
FN:19,sendError
FNF:2
FNH:2
FNDA:3,sendSuccess
FNDA:3,sendError
DA:10,7
DA:11,3
DA:16,3
DA:19,7
DA:20,3
DA:25,3
LF:6
LH:6
BRDA:10,0,0,1
BRDA:10,1,0,2
BRDA:19,2,0,1
BRF:3
BRH:3
end_of_record
